175APD	4513984
452APD	829836
1073APD	1009321
288APD	3763922
479APD	4205509
523APD	1875920
100APD	4096135
1317APD	165447
330APD	4149720
501APD	1298463
476APD	1857823
376APD	916117
353APD	4470733
1638APD	4490075
189APD	558402
2077APD	990167
2078APD	3398364
577APD	19100
151APD	527698
25APD	4312167
40APD	1428702
1769APD	1245653
39APD	4238766
75APD	775169
849APD	2763052
430APD	2789392
238APD	3865155
325APD	1918839
182APD	1345894
609APD	1041219
375APD	4439542
391APD	793678
140APD	3215026
390APD	2921385
1364APD	4371036
485APD	1506374
258APD	2932436
2038APD	1062484
345APD	592209
2459APD	1194458
950APD	2388194
113APD	1418231
119APD	732037
233APD	4503679
1642APD	3828723
558APD	3442896
558APD	3475585
81APD	4256084
307APD	817413
499APD	3412183
572APD	742357
2311APD	4429525
1234APD	3671252
1974APD	1220780
733APD	3033719
209APD	34209
146APD	4543039
1874APD	1330446
551APD	1088150
381APD	1636487
580APD	254292
273APD	1598316
573APD	947719
505APD	4710107
292APD	3534407
305APD	3951372
656APD	512323
1673APD	4459633
225APD	68396
2398APD	2013983
73APD	902029
1074APD	1289798
49APD	2727901
2113APD	55794
1612APD	2804290
256APD	3741507
672APD	2832231
187APD	541525
117APD	966742
94APD	701322
323APD	4185758
1APD	613914
477APD	1734155
214APD	3931704
1897APD	3846894
393APD	3993341
342APD	1466465
167APD	806465
271APD	1384305
160APD	3967593
58APD	579680
2402APD	4599597
1561APD	4120197
421APD	656912
365APD	1932765
332APD	1725726
20APD	2965131
2349APD	1785023
2102APD	1573636
278APD	3803714
2250APD	935366
802APD	982800
538APD	4636811
1447APD	4359760
1423APD	623705
1016APD	1282537
432APD	2745832
1697APD	3486182
2457APD	3978652
1697APD	3453490
1715APD	4266765
640APD	1207973
1762APD	2993737
361APD	1539112
1970APD	880689
2410APD	714582
276APD	391736
106APD	443257
597APD	766755
783APD	1034126
440APD	1320077
241APD	331886
1125APD	2703344
2212APD	1753250
446APD	4825743
14APD	1372432
84APD	1365520
2412APD	1108026
457APD	4001683
2441APD	4347095
568APD	873791
2345APD	0
417APD	3621006
79APD	2218776
159APD	2869650
498APD	1898188
524APD	2439383
472APD	4876333
635APD	4179481
240APD	1746281
125APD	2022919
431APD	2469550
2204APD	493931
1975APD	2379275
1481APD	49163
655APD	2879810
360APD	2615084
398APD	1073730
371APD	1276211
1565APD	3144803
1195APD	1667178
311APD	1950726
862APD	2715012
286APD	2330816
1523APD	859333
31APD	506039
86APD	131338
484APD	1517341
512APD	3910000
1151APD	205591
451APD	4402273
1391APD	2826459
1485APD	2081105
178APD	2908877
2391APD	1531636
2155APD	752313
343APD	3091505
574APD	3987540
2037APD	1771585
224APD	2363424
1743APD	4701716
493APD	4087858
102APD	2582964
409APD	4625678
1202APD	3005148
483APD	1443768
1525APD	1269904
11APD	673000
2159APD	1700934
636APD	4618818
245APD	3916181
279APD	1396949
549APD	1760508
676APD	1807020
1753APD	853923
401APD	4009431
26APD	3425061
2260APD	3790379
456APD	3316419
157APD	314165
504APD	2721741
2226APD	2634702
1910APD	3176395
2205APD	574257
541APD	3841315
145APD	1314493
868APD	4036448
2281APD	4408966
1088APD	2073271
1460APD	910736
44APD	666782
1078APD	4838094
161APD	3725489
216APD	301835
59APD	114376
1952APD	1257263
478APD	2181026
696APD	4769241
2346APD	2319544
92APD	3647867
1258APD	890122
537APD	4015205
227APD	2452561
649APD	3735475
18APD	1409957
995APD	865359
373APD	3903865
2376APD	3895642
1532APD	2542196
1651APD	725854
2167APD	3655462
555APD	1550651
48APD	956618
1304APD	4337393
869APD	3939894
132APD	1392137
63APD	2645481
470APD	4387710
1164APD	2124796
2062APD	2496381
1896APD	4294569
280APD	1829791
116APD	2738312
1408APD	2054981
1157APD	2042175
2316APD	2356716
1055APD	962017
2214APD	1239650
2246APD	4114728
884APD	2159569
973APD	2502045
38APD	2346689
107APD	3565542
1903APD	158372
953APD	4424351
1943APD	3855541
976APD	2369194
511APD	151803
213APD	4354153
1227APD	2270049
921APD	367018
1497APD	3469530
1497APD	3436833
2005APD	3331836
1603APD	4234070
753APD	4690505
370APD	3467160
1022APD	686005
351APD	1139669
321APD	3884045
1368APD	1631922
2021APD	347503
234APD	3523118
1721APD	709770
639APD	975578
987APD	4290057
1548APD	3571467
35APD	358367
625APD	3701771
454APD	1527214
1645APD	2326133
1528APD	2193946
765APD	3758294
1809APD	1840080
826APD	2518260
1596APD	9969
599APD	587774
628APD	4575363
1224APD	2842622
442APD	3543924
211APD	1404114
1189APD	2261486
1773APD	697014
195APD	1155666
1650APD	4553868
1666APD	4132992
466APD	274043
2287APD	1627731
1705APD	4844209
350APD	1619497
2050APD	95029
1750APD	1563040
1178APD	3343767
1657APD	2758856
2234APD	4224597
70APD	2248342
1097APD	1169964
403APD	2235523
865APD	604005
90APD	461687
2184APD	2557311
8APD	3502017
87APD	4742771
1919APD	2487692
970APD	1380261
1938APD	2434914
1354APD	1814854
316APD	1358265
1339APD	4328041
147APD	1792480
1410APD	521445
542APD	120835
298APD	4024515
1611APD	2903624
1177APD	1003918
1471APD	2774554
517APD	3359791
540APD	3134097
2367APD	466540
2278APD	1462445
1358APD	1913482
193APD	2448107
2017APD	4450478
508APD	3924148
252APD	3376179
552APD	4144118
3APD	943564
2232APD	4032394
437APD	4201642
287APD	2588643
1822APD	1491640
1751APD	482737
2455APD	1496997
2080APD	4899601
1087APD	4726905
806APD	931318
1893APD	1127297
989APD	439166
474APD	4672840
1941APD	1585680
1281APD	456310
1735APD	4279276
1876APD	2288672
1253APD	898193
2219APD	2529303
475APD	2417100
114APD	3860816
633APD	2846841
2047APD	3125721
1504APD	4812768
378APD	4565273
192APD	3731372
89APD	721609
358APD	1151841
422APD	2960893
384APD	1742360
1001APD	4041925
1576APD	3824893
346APD	2856318
660APD	3627741
506APD	263510
1240APD	1623927
1607APD	1190242
680APD	431818
902APD	1678747
604APD	2508063
920APD	2240049
465APD	2865700
196APD	500260
67APD	3018694
2444APD	4456025
1400APD	145777
15APD	2782610
2004APD	1591232
1361APD	2571371
1396APD	1234068
559APD	1613680
663APD	4342743
129APD	3631481
697APD	3098485
1394APD	3073801
1977APD	1821763
1273APD	2594876
283APD	3159940
587APD	4230373
1453APD	1104450
2131APD	2407706
1514APD	246521
2347APD	4252685
2169APD	2753734
2085APD	214633
1936APD	4697694
971APD	4582839
548APD	487644
185APD	2299850
136APD	3001438
1784APD	3880707
1332APD	64516
1799APD	1834734
2323APD	1796763
1294APD	3519382
647APD	3389070
170APD	2533892
1323APD	2278821
1325APD	3600949
1711APD	2029379
88APD	291279
1010APD	428615
104APD	2174454
2407APD	3712213
1049APD	1215089
2269APD	1662238
2237APD	2476677
1489APD	4399107
1340APD	4782585
1260APD	4851237
336APD	3129569
721APD	4140842
1894APD	77456
2329APD	4887562
1538APD	2427415
2420APD	631184
763APD	3200828
1599APD	1546431
1664APD	3617081
1583APD	1164523
19APD	190298
860APD	3666656
290APD	1327263
1563APD	2563124
1316APD	2898651
1076APD	83282
359APD	2266561
703APD	636887
895APD	3086165
986APD	352147
2028APD	3530674
831APD	103100
407APD	608874
407APD	679785
1837APD	1056761
249APD	2979219
1407APD	3580599
36APD	3048889
56APD	4392806
1558APD	4137720
588APD	406700
1690APD	3383647
688APD	3877640
1960APD	3045327
1685APD	2666278
219APD	1186924
2279APD	2401314
1720APD	2275034
2110APD	693611
355APD	3784613
1428APD	1965277
2027APD	3233046
2095APD	4719158
1456APD	2088020
467APD	4367178
1908APD	1609567
2343APD	4414251
1198APD	3103280
2063APD	4788127
1114APD	1459541
138APD	2338892
873APD	2422447
1395APD	6993
1788APD	3753575
205APD	235485
570APD	4384648
675APD	2137052
614APD	4759572
565APD	790138
112APD	3695372
217APD	1996329
756APD	2484742
949APD	3327716
735APD	376038
418APD	3928593
400APD	4487283
1993APD	2575589
2270APD	4196885
1505APD	2710479
1048APD	1099419
22APD	3509948
2385APD	4835351
1972APD	4558598
220APD	2952705
2330APD	2622711
144APD	3336785
1857APD	182784
1406APD	1684145
543APD	1085256
1880APD	1686847
1047APD	4653595
303APD	2779910
1181APD	1646172
2152APD	3192232
634APD	4274179
459APD	551620
1714APD	142602
1562APD	2631673
2454APD	2598664
367APD	1059826
2262APD	3184471
2013APD	196519
847APD	3527581
892APD	1968353
168APD	2098820
1634APD	1570922
1415APD	1710883
2395APD	1779769
2020APD	1691667
29APD	4774525
1061APD	3889859
243APD	3267601
135APD	3516317
480APD	268217
681APD	690647
1984APD	4590612
2304APD	4871650
319APD	2801336
313APD	2625847
1817APD	1122843
1836APD	2466271
955APD	1658124
93APD	2231996
2163APD	3113753
1439APD	634306
2297APD	1851630
626APD	3293813
314APD	2208590
268APD	3637127
23APD	1116881
2259APD	2675264
1160APD	2743322
1349APD	2606675
1744APD	1847286
2211APD	980290
528APD	2460299
910APD	2566748
143APD	2975027
61APD	2252965
487APD	3274812
2320APD	2650654
156APD	187604
2421APD	3235914
1552APD	1986099
2445APD	4883718
1006APD	1766751
1376APD	4695281
939APD	410243
1526APD	4309674
1404APD	1982623
880APD	2352051
1661APD	470476
1380APD	219976
1130APD	4169022
529APD	2001925
304APD	4808194
585APD	4306087
2277APD	2188388
1902APD	2601515
6APD	2049264
1223APD	1714438
2056APD	1825200
1265APD	895778
546APD	16586
2438APD	2641808
2015APD	1144509
2043APD	1449390
683APD	2148047
594APD	4869387
927APD	1930151
1991APD	229017
2073APD	1650161
450APD	4613387
415APD	3151035
2461APD	453633
469APD	4687773
631APD	1989955
2348APD	4816946
264APD	3552632
778APD	2133454
1682APD	3122676
300APD	1451696
695APD	4093858
1209APD	3168433
46APD	4300437
1249APD	1030165
1752APD	1844919
263APD	3248963
1587APD	4586496
337APD	1132776
2301APD	2822879
752APD	2308253
2149APD	389284
1546APD	3165469
282APD	3107542
784APD	4615697
1887APD	4333414
2157APD	1819394
210APD	1595164
203APD	3348620
2101APD	3380662
650APD	2945749
389APD	2229371
554APD	3750854
1492APD	3172895
1543APD	288918
602APD	2413096
426APD	4085619
1978APD	1769340
693APD	3634928
2210APD	2786636
803APD	4276944
2296APD	344118
2295APD	3706724
201APD	2986134
774APD	2425245
1427APD	2886006
85APD	4065103
1945APD	2919103
522APD	2669475
1550APD	4194703
1971APD	2526874
2351APD	1082781
1890APD	3242089
1689APD	1706552
1057APD	138678
1647APD	413446
566APD	2482219
1037APD	2629143
2088APD	251825
813APD	2154249
2238APD	3322379
1333APD	3089310
616APD	2580437
115APD	3561949
2453APD	3559557
1804APD	2672898
285APD	2090861
678APD	3513108
2207APD	4028498
1036APD	2078680
1905APD	3816801
370APD	3499997
429APD	422450
2460APD	870266
759APD	2006006
1139APD	3962136
1015APD	1339613
2182APD	1777513
1335APD	1052562
1308APD	3642772
901APD	3422500
1247APD	2386093
2286APD	1719392
1066APD	2552005
2193APD	2201188
1968APD	1804952
2081APD	2312385
1813APD	1341983
1830APD	2684250
1117APD	2214819
1767APD	2445872
1669APD	2611981
1816APD	477496
793APD	226819
2044APD	1972734
441APD	1654720
948APD	203152
1470APD	4891241
357APD	1800885
16APD	3813606
1605APD	2314521
1758APD	3821736
1050APD	4734717
2116APD	4325939
1917APD	3118301
2109APD	45703
1904APD	211948
1301APD	2178812
2442APD	4611323
912APD	4175932
1197APD	2142297
2032APD	371784
882APD	2131122
1405APD	1873783
317APD	3280123
1641APD	2344447
2061APD	3811232
1663APD	3583959
1495APD	1218723
1872APD	3283709
2091APD	2840628
2406APD	2432203
2129APD	3550191
2390APD	426222
2007APD	2876311
903APD	1567363
250APD	3587761
722APD	1652582
782APD	3302972
62APD	1097319
2342APD	2681261
1122APD	2411115
605APD	3120282
2293APD	2096514
1095APD	3612669
468APD	4822560
1140APD	2062492
302APD	3944834
1148APD	2342228
1909APD	3031669
835APD	1980477
1965APD	2405398
315APD	2191244
1045APD	3801699
1852APD	525706
1072APD	3263431
586APD	3716854
1389APD	1911524
714APD	504020
1490APD	3797075
1390APD	298207
374APD	243677
1042APD	3138330
1536APD	2687015
1881APD	3783362
658APD	2854365
2122APD	321658
1102APD	2480054
301APD	86437
1644APD	1802916
1510APD	1457350
1043APD	3028285
1665APD	474427
1369APD	1958769
1498APD	2361472
1208APD	1455444
51APD	1524333
1928APD	2034872
1017APD	239106
1491APD	1699100
1921APD	222386
342APD	1388350
998APD	32393
624APD	2293100
28APD	3270228
859APD	1689820
320APD	2010261
1458APD	2115441
894APD	1607558
1204APD	2592561
2300APD	4573448
1849APD	4646869
967APD	3395777
1004APD	3464922
1815APD	572100
176APD	126022
1722APD	3208564
230APD	2818740
1004APD	3497647
2283APD	4648841
47APD	3494020
1278APD	3013768
318APD	279852
792APD	3081115
47APD	3461302
262APD	4199879
394APD	1894259
1801APD	3609310
965APD	4284543
958APD	93209
1113APD	99550
1031APD	2157151
2000APD	1854232
174APD	3340209
1441APD	1617736
1199APD	436180
999APD	1503618
1540APD	3576233
1120APD	3353054
983APD	3010941
1296APD	2972929
2341APD	2982838
1531APD	3710330
2010APD	3590973
1791APD	4335685
462APD	683270
349APD	4303124
473APD	3976786
2039APD	1673623
578APD	2549062
1426APD	3506564
1331APD	4081083
932APD	3259277
1030APD	1812808
2267APD	3069397
1099APD	2511787
1383APD	2494654
1951APD	4250988
1746APD	2117799
388APD	4173396
1350APD	4791426
1787APD	4659027
226APD	2285161
297APD	4076527
601APD	282243
369APD	2957617
488APD	4382908
1955APD	295027
1850APD	380500
1547APD	1963537
2139APD	3325587
423APD	3684085
834APD	2692713
1420APD	2757207
2195APD	1408273
1556APD	3187577
1337APD	107176
1336APD	3111879
312APD	2306274
1986APD	356605
897APD	4588771
197APD	3594876
975APD	1697262
1652APD	4779032
2247APD	1181973
50APD	88475
811APD	491181
2217APD	3196525
607APD	3435360
828APD	3699767
2053APD	3116638
2067APD	4131102
1002APD	1665403
1165APD	3155882
2034APD	1344144
741APD	3182438
356APD	2105625
42APD	4723281
734APD	4594454
208APD	387097
1981APD	374261
2309APD	3681445
638APD	300262
1686APD	4633686
2030APD	4417561
1655APD	2399746
401APD	3945902
1764APD	2144862
590APD	2140144
2070APD	3663250
342APD	1349895
576APD	2862490
1110APD	4422792
340APD	2186683
684APD	308564
794APD	4746992
1582APD	2677816
1101APD	2212900
342APD	1402639
1503APD	1856215
1845APD	2032874
2014APD	4866802
1534APD	15014
567APD	128192
77APD	888488
686APD	3227803
2036APD	2690473
2375APD	3960439
1150APD	1849944
1635APD	43594
1823APD	1717695
272APD	4057111
1397APD	233139
1268APD	385583
2416APD	3110181
1188APD	3653623
966APD	3142223
1699APD	2695411
420APD	3693539
294APD	3819567
1225APD	2656065
131APD	1362708
1979APD	2547466
494APD	1495497
1445APD	364916
1419APD	3371958
1748APD	2697166
632APD	4800668
1672APD	363304
310APD	4396399
870APD	4552379
929APD	2569472
2387APD	163831
1230APD	3252274
1334APD	272153
2066APD	1441105
1701APD	307070
1871APD	2516674
462APD	612366
1027APD	3788788
2275APD	1080033
2APD	2108250
857APD	2243876
2172APD	1589518
1280APD	2415473
2452APD	3194951
1679APD	1007881
380APD	1782679
896APD	194829
888APD	2653407
277APD	241123
1007APD	2298368
1780APD	4663704
2200APD	2700057
200APD	3720152
521APD	80984
1179APD	2245736
851APD	4128486
1484APD	4468695
1590APD	328483
34APD	3508463
2457APD	4004521
556APD	2430697
1051APD	3082893
619APD	2610010
2187APD	2036713
1922APD	1561297
1330APD	479761
994APD	1537596
248APD	4804527
141APD	2640218
2451APD	4148316
1859APD	3986136
1915APD	3084411
2208APD	4228816
2434APD	452091
1522APD	759544
2317APD	3597098
2386APD	1237865
1862APD	2216885
1259APD	1204838
2384APD	2992196
708APD	758012
598APD	3067021
1964APD	3298428
1967APD	382388
1174APD	2064882
785APD	2151992
1553APD	4171623
1217APD	3190414
2083APD	1910126
289APD	3291837
405APD	2701773
1950APD	3665113
1557APD	4738568
977APD	4752527
1033APD	872368
1786APD	4859210
2162APD	3578989
414APD	1180446
1392APD	3296845
2404APD	2198991
1133APD	4178100
748APD	1992917
2396APD	90499
1814APD	2492941
2282APD	3901155
832APD	327172
385APD	815965
702APD	3140423
2362APD	3254880
1191APD	1583081
501APD	1353233
386APD	3246478
623APD	1136341
2256APD	419788
1586APD	324707
198APD	1262729
1152APD	3646105
1506APD	1032858
776APD	130057
839APD	4570859
1803APD	3030407
1760APD	4286388
1749APD	1612417
2443APD	4166358
74APD	3285887
769APD	3557436
1969APD	1232798
850APD	355206
1261APD	827864
534APD	3305410
979APD	3756951
1519APD	4670430
177APD	2354827
2142APD	1185472
1377APD	3800392
2197APD	250523
1832APD	3548617
1693APD	1962159
445APD	2949094
1795APD	3686208
58APD	651395
1807APD	4857979
1935APD	1163279
856APD	2260208
1549APD	2121254
64APD	2860358
333APD	3199008
1245APD	622386
981APD	3205152
2216APD	4661753
996APD	47721
72APD	2851667
1267APD	4739895
1155APD	1956943
1115APD	4580164
2041APD	4864003
2058APD	149390
1824APD	4287736
1867APD	2211419
1953APD	4786159
1231APD	2168329
1182APD	3888604
887APD	2977821
1948APD	1490420
1754APD	3023525
1954APD	2373941
2192APD	2525425
10APD	4055898
1283APD	2066933
536APD	2316955
1213APD	2287254
2084APD	4608231
1838APD	3893320
1455APD	4454510
1142APD	2658691
1643APD	4596072
416APD	4045869
1631APD	124807
2369APD	2093502
919APD	1244489
1116APD	3016614
162APD	3463494
1473APD	1675805
1303APD	3171017
2428APD	3025364
878APD	1838924
846APD	2282571
162APD	3496223
926APD	4332202
2422APD	2991111
496APD	4084403
133APD	3055539
1172APD	2524119
740APD	379114
1448APD	2917920
1594APD	3698628
837APD	4862731
7APD	4074107
1467APD	416316
2049APD	4893512
1732APD	2522971
877APD	1081622
1279APD	2944532
1842APD	2303215
2432APD	2539292
1063APD	1121023
755APD	1709753
1918APD	4795771
723APD	4686390
829APD	1268346
1472APD	140851
2245APD	4651661
1572APD	1502104
267APD	3669850
247APD	4569447
1851APD	1960674
335APD	418604
960APD	101468
124APD	3238635
1084APD	2171954
814APD	2337746
101APD	2227890
463APD	2060795
1855APD	3795714
2082APD	3062792
1812APD	1660683
1285APD	1442688
807APD	3593039
729APD	4677961
905APD	3722576
801APD	4324564
852APD	3153671
2456APD	4860927
1090APD	2204460
768APD	1649090
2380APD	296776
1779APD	218035
2202APD	2661906
2337APD	814852
1379APD	2864068
1446APD	3231492
1704APD	1946150
461APD	2537810
1937APD	2101951
1035APD	1696121
1660APD	4820500
1442APD	3189372
392APD	3287041
155APD	4598089
2241APD	4130070
98APD	399077
2429APD	1977299
2399APD	1500965
346APD	2951383
425APD	3692043
2086APD	2901996
2112APD	1126149
1451APD	1828761
2418APD	4398079
707APD	4806714
1462APD	3309911
1885APD	2943167
2305APD	2166352
745APD	1138346
1617APD	2713415
1440APD	1682851
1544APD	1176899
1416APD	1581878
1264APD	3022353
326APD	1231257
1706APD	1584530
52APD	3493363
2359APD	2103645
944APD	1174352
2338APD	3211731
2165APD	3355283
1276APD	1569799
946APD	2119992
557APD	3374444
329APD	4572427
150APD	2812831
52APD	3460671
1196APD	3288923
964APD	1677757
1132APD	2129909
2335APD	481680
2328APD	3441348
539APD	3308970
982APD	1978762
2225APD	2689044
767APD	4708545
954APD	4895734
396APD	4562273
898APD	311699
1524APD	2170412
1444APD	3175110
531APD	2990144
1759APD	3097358
1032APD	4381964
2328APD	3474037
582APD	4075303
492APD	2283757
368APD	2464954
1424APD	4777752
1128APD	3042965
788APD	1161887
1980APD	92130
2318APD	3079030
2325APD	3278662
1819APD	2087098
2194APD	4793790
1401APD	4631268
2111APD	3606323
1176APD	2039521
1717APD	2112733
2426APD	1150029
2176APD	3351823
1796APD	3106321
2099APD	2070863
1805APD	3071446
1520APD	2311285
74APD	3273787
876APD	225663
55APD	2040709
2288APD	3894541
1474APD	789212
1186APD	4798676
1159APD	2605278
956APD	3607492
827APD	1975385
1835APD	1055704
1070APD	4767588
1215APD	4896782
727APD	1988943
1698APD	157174
97APD	4737208
1434APD	3052812
2458APD	267340
679APD	4645644
419APD	3485252
419APD	3452557
142APD	2907730
893APD	4750421
455APD	4755665
2423APD	451045
1597APD	3661279
1028APD	3430462
1413APD	2069577
610APD	1694917
1382APD	4683311
1494APD	326201
1375APD	186587
1112APD	3101972
907APD	3434450
2045APD	3823849
2042APD	4644523
1347APD	1994424
710APD	3365898
1309APD	473460
2449APD	3164237
1192APD	417667
402APD	3367578
1600APD	2256962
111APD	3611603
716APD	2047164
2233APD	3799190
2040APD	2404293
1733APD	2038357
1878APD	1160825
1475APD	2698748
2271APD	3301772
293APD	4780811
2103APD	2295359
1384APD	4299550
1246APD	271194
2415APD	492991
1080APD	3840512
2148APD	1827941
742APD	1054826
1327APD	3058348
1085APD	2297215
2322APD	199299
1079APD	2463272
2339APD	1147513
1091APD	2556037
2424APD	4308697
2140APD	2296432
2203APD	2114234
1024APD	405426
1957APD	2206387
2314APD	4420125
904APD	486742
1726APD	3599693
1843APD	2507291
1755APD	3198234
1848APD	4707497
709APD	3709113
60APD	3608393
874APD	400290
1709APD	3265658
153APD	476728
148APD	1971493
795APD	2683400
1798APD	1116105
1123APD	3689532
1723APD	2164496
1386APD	1657117
2071APD	402186
251APD	1906673
2052APD	2375984
76APD	3724410
1509APD	4669297
1226APD	2555144
885APD	234681
4APD	3213746
2315APD	2579169
1499APD	2203599
2153APD	2305151
1487APD	2226819
1149APD	2247237
2413APD	1917567
1659APD	4593198
2218APD	4834477
842APD	3143735
1465APD	224460
1877APD	106330
642APD	4677055
116APD	2812830
1739APD	3257784
1034APD	3273179
1463APD	602823
2254APD	4581743
2120APD	4408158
2344APD	4768544
743APD	1838069
235APD	340140
443APD	4359049
2447APD	3369148
766APD	557572
820APD	887779
1038APD	421362
719APD	4656984
1275APD	2304459
1574APD	438032
1348APD	2533201
1623APD	3229976
824APD	2660704
2115APD	3394881
781APD	852920
855APD	278556
1469APD	3860116
1868APD	4652789
1201APD	3017798
2215APD	4283040
1272APD	2173592
2244APD	3027276
1144APD	4635548
2235APD	14336
194APD	4679139
861APD	540846
2145APD	2111212
1891APD	3157647
1691APD	829169
2331APD	1179684
1200APD	4757078
821APD	3044280
1924APD	2988846
2178APD	2852886
1620APD	2614243
1162APD	550843
943APD	151074
45APD	3370230
1100APD	4856622
1942APD	324042
1622APD	331039
1727APD	4422109
2198APD	4370071
1218APD	4803528
1104APD	2005263
754APD	3204156
1363APD	219195
253APD	1526530
1827APD	2095316
1895APD	1175789
527APD	2001076
2133APD	4868684
2104APD	3277781
134APD	760925
790APD	4609412
188APD	2008498
1675APD	384201
1570APD	2048370
764APD	310873
2357APD	3283031
1160APD	2817732
1616APD	3314809
166APD	4754612
2368APD	1178185
514APD	4420921
69APD	685135
1352APD	4419465
2098APD	3062110
1501APD	4072751
809APD	2398966
777APD	1766140
269APD	4898904
1129APD	3570475
2409APD	2072211
1286APD	3290652
163APD	3615217
2462APD	3515489
900APD	556723
265APD	1120406
2360APD	3054669
1203APD	4289349
772APD	194132
1166APD	4610056
2298APD	4824892
988APD	2123470
990APD	2147251
2230APD	2421003
914APD	3687867
2006APD	3261677
1747APD	1581110
2290APD	2501262
1621APD	313558
1588APD	3210657
1338APD	2903011
1205APD	2604548
1248APD	329893
2209APD	2310598
78APD	2879166
1535APD	2053306
1137APD	401434
2251APD	3587037
1770APD	2377362
1899APD	3818941
41APD	4680253
1649APD	2068358
1417APD	1708871
397APD	3662125
1789APD	1168461
1507APD	805883
66APD	3356279
489APD	3604491
1378APD	4821880
80APD	403601
931APD	185746
561APD	3555974
1602APD	3064884
1173APD	3254048
1252APD	193384
12APD	1193870
1790APD	3394140
1826APD	2177863
550APD	3306918
2065APD	4684161
1598APD	4661131
1457APD	2117246
1305APD	3227117
175APD	4477669
57APD	555810
1169APD	384838
202APD	460416
653APD	793139
962APD	3683257
1578APD	2258412
2403APD	4083831
1190APD	3351168
1687APD	3256883
1180APD	4684735
1311APD	4861996
957APD	4797493
2370APD	1597553
985APD	4073386
411APD	2960271
2118APD	1947325
2141APD	1505651
1667APD	4798021
945APD	213988
1019APD	3690427
2303APD	3598988
1961APD	3433631
1973APD	4725887
1493APD	3680736
518APD	2124070
1046APD	4193995
1886APD	2113698
1927APD	3061153
2057APD	4865788
1342APD	3158634
1648APD	4080413
1926APD	2013208
749APD	4083082
123APD	4832907
951APD	3611085
1025APD	2226139
671APD	4766916
1257APD	3590448
1488APD	4067462
13APD	4731647
1529APD	137994
622APD	3064070
1429APD	3892547
1479APD	2153592
2405APD	4682060
2003APD	232484
544APD	2821826
1683APD	3313116
1430APD	1230004
1988APD	3723833
930APD	3342890
1810APD	3424560
691APD	3393639
169APD	4068877
444APD	243193
1171APD	2054333
1962APD	4887063
980APD	1135686
122APD	4781815
21APD	3163416
2306APD	4732430
972APD	3060200
917APD	2655380
339APD	3512605
1464APD	3750385
854APD	4624714
1766APD	4741126
844APD	2679653
412APD	3639775
1865APD	3256227
1385APD	2107390
1003APD	1677017
875APD	4561416
2280APD	4855561
668APD	2325445
181APD	3251688
439APD	202335
2173APD	1183835
1718APD	4053516
1307APD	4599143
2435APD	2256360
1554APD	2865064
1568APD	1132037
744APD	2861331
593APD	346911
2108APD	2096073
2327APD	2551509
670APD	1148597
1708APD	2621955
739APD	2378805
1946APD	2004578
1775APD	3342450
1131APD	3172318
388APD	4069655
1366APD	725318
1443APD	2208003
2340APD	2692174
339APD	3506034
1436APD	2051965
215APD	4657695
730APD	4681262
246APD	2985611
937APD	4741952
363APD	3077768
1135APD	3184020
2035APD	4754043
532APD	4063946
618APD	2779370
1185APD	435559
191APD	2150900
1864APD	3691566
1730APD	1184498
1210APD	2207510
109APD	2110329
579APD	225225
940APD	4119670
592APD	4787680
798APD	3300313
2332APD	3876918
2011APD	404374
1875APD	4665675
922APD	2680505
584APD	1232343
909APD	1206981
2310APD	3279608
410APD	1151350
687APD	3975747
274APD	2663413
1825APD	2009551
68APD	425771
1521APD	3605629
1639APD	3762749
1373APD	2644250
1064APD	2959542
1221APD	3073136
2227APD	1976484
2160APD	425197
841APD	4682865
1966APD	313001
1925APD	2151586
815APD	3392993
563APD	2695030
1480APD	145285
1606APD	3571139
1433APD	412923
2373APD	3339832
925APD	3902856
1056APD	4671780
1449APD	2822341
1997APD	4848344
1696APD	2136301
2436APD	3133311
2326APD	2052431
2397APD	4725257
1792APD	4564893
1372APD	3564182
1094APD	3585990
2186APD	4607653
1724APD	3330612
773APD	2554305
1866APD	246153
212APD	182383
1381APD	4594021
2018APD	4072278
1183APD	3282549
938APD	4850034
408APD	1949657
2092APD	438792
1054APD	1149251
17APD	2665819
130APD	2603974
1289APD	2378128
1629APD	1379896
2243APD	2878608
223APD	4898375
747APD	4636400
608APD	2318960
348APD	1267184
2274APD	3321871
1554APD	2960013
33APD	4709507
1393APD	2104989
1883APD	1682483
704APD	3213155
606APD	4250479
2075APD	683108
2213APD	3497378
2075APD	612203
974APD	3653076
1502APD	2554774
1295APD	1275656
2127APD	4685827
936APD	1950215
32APD	4811571
705APD	4764369
2365APD	3763573
2355APD	4611019
2132APD	3308520
637APD	4766136
1757APD	4732965
1949APD	3245100
2448APD	80596
2199APD	3342161
30APD	3315673
1776APD	2112104
2190APD	1131536
1359APD	3207399
1999APD	3371138
1069APD	3902477
1212APD	4857399
1920APD	1958367
804APD	3366863
1671APD	2434557
1614APD	3159341
952APD	4542747
1345APD	4759111
1143APD	2053989
1067APD	68052
1298APD	4031792
1341APD	2375360
347APD	2066428
2144APD	3800049
796APD	3365412
296APD	3229538
1262APD	2421804
2268APD	3331369
891APD	1550350
569APD	472984
2060APD	1379567
1923APD	2753262
1882APD	3262453
424APD	2562561
2201APD	3555127
1888APD	4764852
1284APD	1230539
486APD	1207448
1676APD	4763869
701APD	3207056
1785APD	1167938
1009APD	2144516
204APD	3231064
762APD	4733940
617APD	3267058
2174APD	2672126
1314APD	2259614
1452APD	3291460
706APD	2562168
848APD	3244686
338APD	3325069
309APD	4733326
275APD	1230969
662APD	3181994
1998APD	3207978
458APD	3660806
1437APD	4672422
1483APD	6663
257APD	2984736
2450APD	2354495
432APD	2820166
308APD	2166035
1496APD	4052228
2146APD	4807890
1821APD	4624309
1595APD	424884
1569APD	3782743
2374APD	3466792
1082APD	4738138
179APD	4802808
1242APD	2257917
575APD	3026791
2191APD	4685368
825APD	4866246
2125APD	310446
1367APD	4721950
1533APD	4758183
1418APD	4061052
184APD	343146
1454APD	366712
1860APD	2012736
1109APD	4749939
232APD	1103576
2401APD	4868340
899APD	4610692
255APD	3288107
519APD	2156612
165APD	4806225
1103APD	2072886
1409APD	238678
1940APD	3559254
2046APD	1549507
1398APD	4014940
1145APD	1104148
1121APD	1119380
718APD	3688868
1640APD	2721060
1601APD	4658656
1889APD	330569
453APD	3556938
229APD	1179366
1559APD	4058873
1992APD	2177613
2440APD	1206678
1138APD	4765780
1625APD	163375
495APD	2645211
2427APD	3301170
1963APD	4651221
1220APD	2714539
2105APD	4665203
615APD	608441
571APD	232197
1662APD	3364468
560APD	2964836
510APD	1784440
694APD	612038
698APD	3080580
1670APD	4597817
863APD	3605235
2276APD	4865554
1431APD	3578641
1256APD	2198580
1959APD	2853747
694APD	682943
186APD	3614928
817APD	1714017
207APD	3821266
666APD	2325179
399APD	1102841
1566APD	3065764
509APD	2672511
1560APD	2778922
873APD	2421853
2137APD	4068498
1365APD	4795396
724APD	1569385
2222APD	4812292
2022APD	238295
547APD	279373
1077APD	403076
923APD	4266191
43APD	4758794
1700APD	4059961
1806APD	3495889
1806APD	3463166
657APD	4811925
1728APD	4597256
1374APD	696682
1912APD	3248455
1288APD	3687473
2008APD	4865216
1581APD	3324693
447APD	3102820
1029APD	3756699
2223APD	1162844
898APD	296148
1282APD	3080878
613APD	3821545
96APD	2539047
172APD	3212744
520APD	3499367
674APD	3466644
2168APD	3069071
916APD	2385701
482APD	4325650
515APD	3153347
266APD	406455
526APD	2664803
911APD	3431369
1021APD	2664285
1008APD	3722342
377APD	3376027
379APD	404950
1324APD	4051683
800APD	231968
2319APD	82902
1222APD	4856189
2009APD	2169772
2358APD	943222
1833APD	3048409
1290APD	2665506
2266APD	4342500
1990APD	1150966
732APD	3266621
530APD	4173150
1761APD	3245997
2051APD	1979955
464APD	788454
1901APD	3594519
738APD	1985393
1244APD	2206141
659APD	4726413
2333APD	3163935
1235APD	4749007
434APD	4749452
545APD	2101624
1461APD	3315461
2188APD	1800264
83APD	3691158
1089APD	3313748
324APD	2561819
2076APD	2064446
291APD	2950282
1763APD	4854410
2294APD	4668367
2374APD	3499515
646APD	4660840
2059APD	3189204
1898APD	4819634
382APD	2644920
2258APD	4064779
2379APD	2060191
53APD	2850850
411APD	2865321
1119APD	4062605
872APD	4050498
1328APD	3688484
436APD	2421664
750APD	2259305
1818APD	2821226
643APD	3586451
535APD	3288552
1346APD	1725173
692APD	3078349
427APD	4758503
1126APD	3200457
53APD	2948259
1834APD	4765452
744APD	2955678
1608APD	250317
1934APD	2255982
758APD	1918515
685APD	4597537
1907APD	48945
1356APD	2200586
460APD	3495747
963APD	1784798
1107APD	4633481
1774APD	2551249
449APD	4658310
2312APD	242869
372APD	3433093
2068APD	401061
787APD	4731246
1731APD	4079955
341APD	4558293
2023APD	2506940
2124APD	4886685
1321APD	2110013
1736APD	3066029
1351APD	2122945
157APD	336845
383APD	3463026
997APD	4680914
797APD	2167864
1756APD	2146668
71APD	137779
231APD	3307716
2392APD	4625497
2231APD	1549918
1858APD	2235330
2383APD	4756746
1136APD	2205854
2255APD	2080786
1633APD	2284829
596APD	1169379
2136APD	3903598
779APD	1918290
2114APD	1102506
1052APD	4679928
1214APD	3387098
2164APD	2069087
2177APD	3122421
746APD	3293398
237APD	3125545
438APD	2407321
513APD	3347928
2012APD	4031358
1239APD	3077396
1802APD	4059479
2019APD	1102211
1515APD	2165460
1636APD	2452261
2433APD	4563829
40APD	1960775
2072APD	4816655
1512APD	4742379
1592APD	3594230
500APD	4049815
2240APD	3689232
720APD	1985863
1637APD	3645537
5APD	3719041
497APD	786810
2089APD	2319367
1238APD	232980
1575APD	4766635
37APD	665531
2150APD	3290070
780APD	2575429
1994APD	4777438
2054APD	3367421
354APD	3364899
1014APD	4782287
2248APD	3370044
108APD	3464652
2299APD	4820197
2372APD	4582685
1545APD	3057125
1508APD	1752886
2400APD	2664050
1771APD	186261
621APD	2218408
2100APD	3016332
2264APD	3013430
328APD	3066711
1388APD	3085995
261APD	323875
654APD	1176557
2229APD	3155589
1355APD	1717365
1716APD	2120995
978APD	540680
1362APD	2556943
199APD	3314360
645APD	1949349
221APD	2947949
65APD	3756542
1847APD	2318775
127APD	2540695
2263APD	4748697
1626APD	297931
1228APD	2225847
1906APD	3259098
1619APD	4750261
2443APD	4062604
712APD	3600633
1322APD	3168251
1476APD	3555845
665APD	3374049
2302APD	4030958
1797APD	3155433
564APD	1721832
2249APD	1185061
1387APD	2421561
1551APD	2318484
2378APD	1975079
812APD	4668846
1013APD	3422346
1646APD	2278616
651APD	3903462
819APD	4564454
1156APD	351969
158APD	2405162
2002APD	2173287
2180APD	3066330
331APD	2170115
2025APD	4857291
641APD	342833
2196APD	4055669
913APD	3314495
1985APD	4421997
1207APD	2690125
1693APD	1206608
2371APD	3386741
214APD	4018655
121APD	2551087
507APD	3723657
1310APD	4060592
1412APD	1560832
2031APD	4663402
1684APD	4563387
2285APD	2661592
371APD	1254929
1360APD	2458380
105APD	3921956
1065APD	2200899
1668APD	4895588
1360APD	2458108
1059APD	1149711
1584APD	3552139
