2345APD_0	0
1395APD_0	6982.0
1596APD_0	9952.0
2235APD_0	14269.0
1534APD_0	14941.0
546APD_0	16511.0
577APD_0	19014.0
998APD_0	32313.0
209APD_0	34132.0
1635APD_0	43535.0
2109APD_0	45637.0
996APD_0	47657.0
1481APD_0	49144.0
2113APD_0	55767.0
1332APD_0	64494.0
225APD_0	68363.0
1894APD_0	77439.0
521APD_0	80995.0
1076APD_0	83301.0
301APD_0	86477.0
50APD_0	88528.0
2396APD_0	90554.9323053167
1980APD_0	92187.9323053167
958APD_0	93267.9323053167
2050APD_0	95081.9323053167
1113APD_0	99611.16150611905
960APD_0	101534.16150611905
831APD_0	103166.0
1877APD_0	106398.0
1337APD_0	107251.0
59APD_0	114474.9323053167
542APD_0	120932.9323053167
1631APD_0	124902.9323053167
176APD_0	126130.0
567APD_0	128337.9323053167
776APD_0	130202.9323053167
86APD_0	131491.16150611907
1529APD_0	138169.0
1057APD_0	138854.0
1472APD_0	141026.0
1714APD_0	142777.9323053167
1400APD_0	145988.0
2058APD_0	149580.16150611907
943APD_0	151240.0
511APD_0	151970.9323053167
1698APD_0	157366.0
1903APD_0	158556.9323053167
2387APD_0	164056.9323053167
1317APD_0	165654.9323053167
1857APD_0	183019.0
931APD_0	185975.0
1375APD_0	186830.0
156APD_0	187849.0
19APD_0	190568.9323053167
1252APD_0	193655.9323053167
772APD_0	194388.0
896APD_0	195101.9323053167
2013APD_0	196813.0
2322APD_0	199619.0
439APD_0	202543.9323053167
948APD_0	203489.0
1151APD_0	205933.9323053167
1904APD_0	212325.16150611907
945APD_0	214369.9323053167
2085APD_0	215023.9323053167
1779APD_0	218431.0167818591
1363APD_0	219604.0
1380APD_0	220389.0
1921APD_0	222788.16150611907
1465APD_0	224878.0
876APD_0	226088.0
793APD_0	227266.0
1991APD_0	229453.9323053167
2003APD_0	232875.9323053167
1397APD_0	233538.0
885APD_0	235105.0
205APD_0	235920.0
1017APD_0	239570.0
277APD_0	241603.0167818591
444APD_0	243329.0
374APD_0	244151.0167818591
1866APD_0	246176.0
1514APD_0	246999.0167818591
2197APD_0	251052.0
2088APD_0	252362.16150611907
580APD_0	254846.0
506APD_0	264011.0
2458APD_0	267844.0
480APD_0	268721.0
1246APD_0	271731.0
1334APD_0	272710.0
466APD_0	274608.0
855APD_0	278930.9323053167
547APD_0	279883.0
318APD_0	280245.0
682APD_0	282088.2346662088
601APD_0	282728.0
1939APD_0	286081.0
789APD_0	287110.0
1930APD_0	288485.02958898427
1543APD_0	289322.16150611907
88APD_0	291709.0
1955APD_0	295408.0
2380APD_0	297161.0
1390APD_0	298599.0
638APD_0	300652.0
216APD_0	302252.9323053167
1701APD_0	307529.9323053167
684APD_0	309029.8899950047
2125APD_0	310899.9323053167
764APD_0	311342.9323053167
898APD_0	312158.0
1966APD_0	313387.9323053167
1621APD_0	313981.0
157APD_0	314613.0
2122APD_0	322106.0
1942APD_0	324504.16150611907
1586APD_0	325187.9323053167
1494APD_0	326706.9323053167
832APD_0	327686.0
1590APD_0	328986.0
1248APD_0	330380.0
1889APD_0	331059.0
1622APD_0	331540.16150611907
241APD_0	332401.0
235APD_0	340630.0
184APD_0	343575.0
2296APD_0	344552.0
593APD_0	347359.0
2021APD_0	347952.0
986APD_0	352602.0
850APD_0	355611.0
1986APD_0	357012.0
35APD_0	358780.0
1672APD_0	363706.0
1445APD_0	365326.0
1454APD_0	367103.0
921APD_0	367424.0
2032APD_0	372182.0
1981APD_0	374655.0
735APD_0	376433.0
740APD_0	379498.0
1850APD_0	380887.0
1967APD_0	382780.0
1675APD_0	384590.473152517
1169APD_0	385234.0
1268APD_0	385986.0
208APD_0	387502.0
2149APD_0	389692.0
276APD_0	392176.0
98APD_0	399605.0
874APD_0	400819.0
1137APD_0	401970.0
2071APD_0	402724.0
1077APD_0	403656.0
80APD_0	404188.0
2011APD_0	404954.0
379APD_0	405566.0
1024APD_0	406019.0
588APD_0	407292.0
939APD_0	410839.0
1433APD_0	413623.0
1647APD_0	414037.0
1467APD_0	416897.0
1192APD_0	418252.0
335APD_0	419175.0
2256APD_0	420358.0
1038APD_0	421940.23829773226
429APD_0	423034.23829773226
68APD_0	426336.23829773226
2390APD_0	426790.23829773226
1010APD_0	429184.0
680APD_0	432401.0
1185APD_0	436204.0
1199APD_0	436836.0
1574APD_0	438671.23829773226
989APD_0	439790.0
106APD_0	443893.0
2423APD_0	451664.0
2434APD_0	452712.0
2461APD_0	454268.0
1281APD_0	456958.0
202APD_0	461086.0
90APD_0	462372.473152517
2367APD_0	467252.0
1661APD_0	471243.0
569APD_0	473697.0
1309APD_0	474252.473152517
1665APD_0	475212.0
153APD_0	477523.23829773226
1816APD_0	478302.0
1330APD_0	480585.0
2335APD_0	482507.0
1751APD_0	483573.0
904APD_0	487632.0
548APD_0	488540.0
811APD_0	492088.0
2415APD_0	493902.0
2204APD_0	494838.0
196APD_0	501205.0
714APD_0	504981.0
31APD_0	506999.0
656APD_0	513325.0
1410APD_0	522508.0
1852APD_0	526822.0
151APD_0	528818.0
861APD_0	542020.0
187APD_0	542707.0
1162APD_0	551982.0
459APD_0	552763.0
57APD_0	556966.0
900APD_0	557883.0
766APD_0	558723.0
189APD_0	559552.2382977323
1815APD_0	573220.0
2205APD_0	575383.0
58APD_0	580807.0
599APD_0	588925.0
345APD_0	593363.0
1463APD_0	604009.2382977323
865APD_0	605198.2382977323
407APD_0	610069.2382977323
2394APD_0	611819.2382977323
462APD_0	613570.2382977323
1500APD_0	614341.2382977323
1APD_0	615116.2382977323
1245APD_0	623603.2382977323
1423APD_0	624932.2382977323
2420APD_0	632416.2382977323
1439APD_0	635553.2382977323
703APD_0	638143.2382977323
421APD_0	658217.2382977323
37APD_0	666831.2382977323
44APD_0	668089.2382977323
11APD_0	674309.2382977323
1783APD_0	680909.2382977323
69APD_0	686494.2382977323
1022APD_0	687364.2382977323
681APD_0	692015.2382977323
2110APD_0	695000.2382977323
1773APD_0	698388.2382977323
94APD_0	702701.2382977323
1721APD_0	711151.2382977323
2410APD_0	715968.2382977323
89APD_0	722997.2382977323
1366APD_0	726734.2382977323
1651APD_0	727275.2382977323
119APD_0	733462.2382977323
572APD_0	743783.2382977323
2155APD_0	753799.2382977323
708APD_0	759510.0766310074
1522APD_0	761041.0766310074
134APD_0	762423.0766310074
525APD_0	765329.0766310074
597APD_0	768257.0766310074
75APD_0	776675.0766310074
497APD_0	788319.0766310074
464APD_0	789953.0766310074
1474APD_0	790704.0766310074
565APD_0	791637.0766310074
653APD_0	794547.0766310074
391APD_0	795158.0766310074
1507APD_0	807370.0766310074
167APD_0	807934.0766310074
2337APD_0	816330.0766310074
385APD_0	817439.0766310074
307APD_0	818885.0766310074
1261APD_0	829336.0766310074
1691APD_0	830651.509677197
452APD_0	831324.509677197
781APD_0	854408.509677197
1753APD_0	855410.509677197
1523APD_0	860820.509677197
995APD_0	866848.509677197
2460APD_0	871756.509677197
1033APD_0	873861.509677197
568APD_0	875303.509677197
1970APD_0	882183.509677197
820APD_0	889271.509677197
77APD_0	889993.509677197
1258APD_0	891631.509677197
1265APD_0	897209.509677197
1253APD_0	899628.509677197
73APD_0	903466.509677197
1460APD_0	912104.509677197
376APD_0	917482.509677197
806APD_0	932673.7778545924
2250APD_0	936708.7778545924
3APD_0	944904.6069821372
573APD_0	949058.6069821372
48APD_0	957960.6069821372
1055APD_0	963369.3104909246
117APD_0	968094.3104909246
639APD_0	976938.7385117481
2211APD_0	981654.7385117481
802APD_0	984160.7385117481
2077APD_0	991534.7385117481
1177APD_0	1005285.7385117481
1679APD_0	1009248.7385117481
1073APD_0	1010693.7385117481
1249APD_0	1031567.7385117481
1506APD_0	1034245.7385117481
783APD_0	1035515.7385117481
609APD_0	1042600.2396140165
1335APD_0	1054141.7385117481
742APD_0	1056408.7385117481
1835APD_0	1057288.7385117481
1837APD_0	1058359.7385117481
367APD_0	1061414.9869302353
2038APD_0	1064096.9869302353
398APD_0	1075523.9869302353
2275APD_0	1081823.9869302353
877APD_0	1083407.9869302353
2351APD_0	1084567.524259436
543APD_0	1087041.524259436
551APD_0	1089926.524259436
62APD_0	1099063.524259436
1048APD_0	1101164.524259436
2019APD_0	1103959.543550645
399APD_0	1104615.524259436
232APD_0	1105361.524259436
1453APD_0	1106271.524259436
2412APD_0	1109844.524259436
1798APD_0	1117879.524259436
23APD_0	1118663.524259436
265APD_0	1122172.524259436
1063APD_0	1122776.524259436
1817APD_0	1124614.9840092727
2112APD_0	1127916.9840092727
1893APD_0	1129071.0238666832
2190APD_0	1133304.0238666832
1568APD_0	1133799.0238666832
337APD_0	1134539.9840092727
980APD_0	1137458.0238666832
623APD_0	1138213.0238666832
745APD_0	1140201.9840092727
351APD_0	1141512.9840092727
2015APD_0	1146344.524259436
2339APD_0	1149338.0238666832
670APD_0	1150422.0238666832
1054APD_0	1151076.0238666832
2426APD_0	1151832.9840092727
358APD_0	1153636.0238666832
195APD_0	1157457.0238666832
1878APD_0	1162614.0238666832
788APD_0	1163669.0238666832
2223APD_0	1164575.0238666832
1935APD_0	1165060.0238666832
1583APD_0	1166299.0238666832
1785APD_0	1169714.4089970493
1789APD_0	1170301.0238666832
596APD_0	1171273.0623984544
1097APD_0	1171803.0238666832
944APD_0	1176194.0238666832
1895APD_0	1177652.0238666832
1544APD_0	1178786.0238666832
2368APD_0	1180067.0238666832
2331APD_0	1181570.0238666832
414APD_0	1182334.0238666832
2247APD_0	1183868.0238666832
2173APD_0	1185732.0238666832
1730APD_0	1186410.0238666832
2142APD_0	1187391.0238666832
219APD_0	1188841.0238666832
1607APD_0	1192157.0238666832
12APD_0	1195788.0238666832
2459APD_0	1196378.0238666832
2459APD_1	1196378.0238666832
501APD_0	1196772.0238666832
501APD_1	1196772.0238666832
1259APD_0	1206769.0238666832
1693APD_0	1208525.0238666832
1693APD_1	1208525.0238666832
909APD_0	1208902.0238666832
640APD_0	1209895.0238666832
1049APD_0	1217014.0238666832
1391APD_0	1220414.0238666832
1391APD_1	1220414.0238666832
1495APD_0	1220940.0238666832
1974APD_0	1223001.0238666832
1430APD_0	1232235.0238666832
326APD_0	1233492.0238666832
326APD_1	1233492.0238666832
1379APD_0	1233790.0238666832
584APD_0	1234577.0238666832
1969APD_0	1235030.0238666832
1396APD_0	1236300.0238666832
2386APD_0	1240106.0238666832
2214APD_0	1241899.0238666832
919APD_0	1246741.0238666832
1769APD_0	1247895.0238666832
1769APD_1	1247895.0238666832
1952APD_0	1259512.0238666832
198APD_0	1264981.0238666832
348APD_0	1269459.0238666832
829APD_0	1270629.0238666832
1525APD_0	1272194.0238666832
1295APD_0	1277888.0238666832
371APD_0	1278455.0238666832
1016APD_0	1284785.0238666832
1074APD_0	1292005.0238666832
145APD_0	1315541.0238666832
440APD_0	1321144.0238666832
290APD_0	1328348.0238666832
1874APD_0	1331523.0238666832
1874APD_1	1331523.0238666832
1015APD_0	1340671.0238666832
1813APD_0	1343046.0238666832
1505APD_0	1343671.0238666832
1505APD_1	1343671.0238666832
2034APD_0	1345203.0238666832
182APD_0	1346946.0238666832
332APD_0	1357928.0238666832
332APD_1	1357928.0238666832
1742APD_0	1358216.0238666832
316APD_0	1359317.369214408
131APD_0	1363760.369214408
1011APD_0	1363905.369214408
751APD_0	1365310.369214408
2324APD_0	1366145.369214408
84APD_0	1366553.369214408
14APD_0	1373477.369214408
970APD_0	1381312.369214408
342APD_0	1382895.369214408
271APD_0	1385353.369214408
271APD_1	1385353.369214408
132APD_0	1393197.369214408
279APD_0	1398014.7182576736
737APD_0	1403887.7182576736
211APD_0	1405167.7182576736
211APD_1	1405167.7182576736
2195APD_0	1409297.7182576736
18APD_0	1410982.7182576736
477APD_0	1418966.7182576736
477APD_1	1418966.7182576736
113APD_0	1418993.7182576736
113APD_1	1418993.7182576736
40APD_0	1429462.7182576736
40APD_1	1429462.7182576736
2066APD_0	1441869.7182576736
1285APD_0	1443455.7182576736
483APD_0	1444532.7182576736
2043APD_0	1450151.7182576736
2043APD_1	1450151.7182576736
300APD_0	1452435.7182576736
64APD_0	1452873.7182576736
64APD_1	1452873.7182576736
1208APD_0	1456196.7182576736
658APD_0	1457200.7182576736
658APD_1	1457200.7182576736
1510APD_0	1458102.7182576736
1114APD_0	1460300.7182576736
2278APD_0	1463197.7182576736
2278APD_1	1463197.7182576736
1948APD_0	1491153.7182576736
1822APD_0	1492372.7182576736
494APD_0	1496221.5314285422
2455APD_0	1497723.5314285422
2399APD_0	1501679.5314285422
1572APD_0	1502815.5314285422
999APD_0	1504320.5314285422
2141APD_0	1506354.5314285422
485APD_0	1507068.5314285422
484APD_0	1518077.5314285422
51APD_0	1524929.5314285422
253APD_0	1527112.8130824585
454APD_0	1527807.5314285422
2391APD_0	1532212.5314285422
994APD_0	1538153.5314285422
361APD_0	1539649.5314285422
1599APD_0	1546926.5314285422
2046APD_0	1550002.014474229
891APD_0	1550808.5314285422
555APD_0	1551117.5314285422
1412APD_0	1561298.5314285422
1922APD_0	1561736.5314285422
1750APD_0	1563498.5314285422
903APD_0	1567811.5314285422
724APD_0	1569813.5314285422
1276APD_0	1570241.5314285422
1634APD_0	1571365.5314285422
2102APD_0	1574074.5314285422
1747APD_0	1581549.5314285422
1416APD_0	1582316.5314285422
1191APD_0	1583509.5314285422
1706APD_0	1584954.5314285422
1941APD_0	1586118.5314285422
2172APD_0	1589955.5314285422
2004APD_0	1591677.5314285422
210APD_0	1595605.5314285422
2370APD_0	1597981.5314285422
273APD_0	1598742.5314285422
894APD_0	1607854.5314285422
1908APD_0	1609867.5314285422
1749APD_0	1612703.5314285422
559APD_0	1613989.5314285422
1441APD_0	1618013.5314285422
350APD_0	1619774.2862152983
1240APD_0	1624161.5314285422
2287APD_0	1627953.5314285422
1368APD_0	1632134.5314285422
381APD_0	1636696.2862152983
1181APD_0	1646248.5314285422
768APD_0	1649171.5314285422
2073APD_0	1650243.5314285422
722APD_0	1652672.4096520562
441APD_0	1654792.5314285422
1386APD_0	1657156.5314285422
955APD_0	1658211.5314285422
1812APD_0	1660698.5314285422
2269APD_0	1662383.2862152983
1002APD_0	1665505.5314285422
1195APD_0	1667282.5314285422
2039APD_0	1673734.5314285422
1473APD_0	1675924.5314285422
1003APD_0	1677133.5314285422
964APD_0	1677869.5314285422
902APD_0	1678866.5314285422
1440APD_0	1682982.5314285422
1406APD_0	1684275.5314285422
1880APD_0	1686998.5314285422
859APD_0	1689967.5314285422
2020APD_0	1691811.5314285422
610APD_0	1695043.5314285422
1035APD_0	1696247.5314285422
975APD_0	1697380.5314285422
1491APD_0	1699225.5314285422
2159APD_0	1701062.5314285422
1689APD_0	1706709.5314285422
1417APD_0	1709036.5314285422
755APD_0	1709920.5314285422
1415APD_0	1711052.5314285422
1223APD_0	1714607.5314285422
1823APD_0	1717875.5314285422
2286APD_0	1719567.5314285422
564APD_0	1721994.5314285422
1346APD_0	1725143.5314285422
384APD_0	1742586.5314285422
240APD_0	1746515.5314285422
2212APD_0	1753493.5314285422
549APD_0	1760751.5314285422
777APD_0	1766395.5314285422
1006APD_0	1767002.5314285422
1978APD_0	1769598.5314285422
2037APD_0	1771842.5314285422
2182APD_0	1777768.5314285422
2395APD_0	1780030.5314285422
380APD_0	1782958.5314285422
510APD_0	1784733.5314285422
2349APD_0	1785333.5314285422
147APD_0	1792756.5314285422
2323APD_0	1797041.5314285422
357APD_0	1801139.5314285422
1644APD_0	1803140.5314285422
1968APD_0	1805176.5314285422
676APD_0	1807244.5314285422
1030APD_0	1813027.5314285422
1354APD_0	1815060.5314285422
2157APD_0	1819596.5314285422
1977APD_0	1821951.5314285422
2056APD_0	1825356.5314285422
2148APD_0	1828092.5314285422
1451APD_0	1828905.206260193
280APD_0	1829932.206260193
1799APD_0	1834814.206260193
743APD_0	1838149.5314285422
878APD_0	1838997.206260193
1809APD_0	1840124.5314285422
1752APD_0	1844970.5314285422
1744APD_0	1847337.5314285422
1150APD_0	1850008.5314285422
2297APD_0	1851716.5314285422
2000APD_0	1854339.5314285422
1503APD_0	1856270.5314285422
476APD_0	1857877.5314285422
1405APD_0	1873833.5314285422
523APD_0	1875971.5314285422
394APD_0	1894311.5314285422
178APD_0	1896977.5314285422
178APD_1	1896977.5314285422
498APD_0	1898244.5314285422
251APD_0	1906720.5314285422
2083APD_0	1910207.5314285422
1389APD_0	1911599.5314285422
1358APD_0	1913563.5314285422
2413APD_0	1917630.5314285422
779APD_0	1918390.4116226004
325APD_0	1918943.5314285422
927APD_0	1930234.5314285422
365APD_0	1932838.5314285422
1704APD_0	1946217.5314285422
2118APD_0	1947393.82415232
408APD_0	1949721.82415232
936APD_0	1950279.82415232
311APD_0	1950791.5314285422
1155APD_0	1957010.5314285422
1369APD_0	1958828.5314285422
1851APD_0	1960731.5314285422
1547APD_0	1963595.5314285422
1428APD_0	1965332.5314285422
892APD_0	1968404.5314285422
148APD_0	1971529.5314285422
2044APD_0	1972787.5314285422
827APD_0	1975410.5314285422
2227APD_0	1976510.5314285422
2429APD_0	1977313.5314285422
982APD_0	1978786.5314285422
2051APD_0	1979985.5314285422
835APD_0	1980500.5314285422
1404APD_0	1982641.5314285422
738APD_0	1985396.5314285422
1552APD_0	1986107.5314285422
727APD_0	1988950.5314285422
631APD_0	1989961.5314285422
748APD_0	1992904.5314285422
1347APD_0	1994403.5314285422
217APD_0	1996310.5314285422
527APD_0	2001059.5314285422
529APD_0	2001913.5314285422
1946APD_0	2004566.5314285422
1104APD_0	2005257.5314285422
759APD_0	2006004.5314285422
188APD_0	2008473.5314285422
1825APD_0	2009511.5314285422
320APD_0	2010225.5314285422
1860APD_0	2012693.5314285422
1926APD_0	2013108.5314285422
2398APD_0	2013882.5314285422
125APD_0	2022790.5314285422
1711APD_0	2029238.5314285422
1845APD_0	2032731.8534698505
1928APD_0	2034733.8534698505
2187APD_0	2036564.5314285422
1733APD_0	2038196.5314285422
1176APD_0	2039363.5314285422
55APD_0	2040551.5314285422
1157APD_0	2042015.5314285422
716APD_0	2046966.5314285422
1570APD_0	2048178.5314285422
6APD_0	2049078.5314285422
1436APD_0	2051779.5314285422
2326APD_0	2052257.5314285422
1535APD_0	2053109.8534698505
1143APD_0	2053800.8534698505
1408APD_0	2054784.5314285422
2379APD_0	2059986.5314285422
463APD_0	2060598.5314285422
1140APD_0	2062309.8534698505
347APD_0	2066239.5314285422
1283APD_0	2066739.5314285422
1649APD_0	2068169.5314285422
1413APD_0	2069400.5314285422
2099APD_0	2070673.5314285422
2409APD_0	2072026.5314285422
1103APD_0	2072696.4829437663
1088APD_0	2073087.5314285422
1036APD_0	2078405.5314285422
2255APD_0	2080499.5314285422
1485APD_0	2080817.5314285422
1819APD_0	2086800.5314285422
1456APD_0	2087720.5314285422
285APD_0	2090724.5314285422
2369APD_0	2093385.5314285422
1827APD_0	2095206.5314285422
2108APD_0	2095955.5314285422
2293APD_0	2096399.5314285422
168APD_0	2098700.531428542
545APD_0	2101529.531428542
1937APD_0	2101852.531428542
2359APD_0	2103520.531428542
1393APD_0	2104850.531428542
356APD_0	2105484.531428542
1385APD_0	2107232.531428542
2APD_0	2108087.531428542
1321APD_0	2109848.002978301
109APD_0	2110162.531428542
2145APD_0	2111026.531428542
1776APD_0	2111939.531428542
1717APD_0	2112561.531428542
1886APD_0	2113527.531428542
2203APD_0	2114061.531428542
1458APD_0	2115262.002978301
1457APD_0	2117053.531428542
1746APD_0	2117608.531428542
946APD_0	2119803.531428542
1549APD_0	2121067.531428542
1351APD_0	2122762.531428542
988APD_0	2123274.6736311223
518APD_0	2123864.6736311223
1164APD_0	2124586.6736311223
1132APD_0	2129669.531428542
882APD_0	2130885.531428542
778APD_0	2133206.6736311223
1696APD_0	2136044.531428542
675APD_0	2136795.6736311223
590APD_0	2139885.6736311223
1197APD_0	2142051.531428542
1756APD_0	2146387.6736311223
990APD_0	2146990.531428542
683APD_0	2147780.531428542
191APD_0	2150626.6736311223
785APD_0	2151715.6736311223
1479APD_0	2153310.531428542
813APD_0	2153971.6736311223
519APD_0	2156337.531428542
1031APD_0	2156961.6736311223
884APD_0	2159381.531428542
1723APD_0	2164313.6736311223
1515APD_0	2165278.531428542
2305APD_0	2166144.531428542
797APD_0	2167537.6736311223
1231APD_0	2168126.531428542
2009APD_0	2169472.6736311223
1524APD_0	2170262.531428542
1084APD_0	2171814.531428542
1272APD_0	2173460.531428542
104APD_0	2174330.531428542
1826APD_0	2177729.531428542
1301APD_0	2178672.531428542
478APD_0	2180877.531428542
340APD_0	2186446.531428542
2277APD_0	2188152.531428542
315APD_0	2190997.531428542
1528APD_0	2193726.531428542
2404APD_0	2198756.531428542
1356APD_0	2200352.458615996
2193APD_0	2200954.3257299787
1499APD_0	2203366.3257299787
1090APD_0	2204219.531428542
1957APD_0	2206137.531428542
1210APD_0	2207264.531428542
1443APD_0	2207747.06174536
314APD_0	2208335.06174536
1867APD_0	2211146.06174536
1101APD_0	2212627.06174536
1117APD_0	2214541.06174536
1862APD_0	2216565.06174536
79APD_0	2218444.06174536
1025APD_0	2225807.531428542
1487APD_0	2226485.531428542
101APD_0	2227556.531428542
389APD_0	2229042.531428542
93APD_0	2231679.531428542
403APD_0	2235203.531428542
920APD_0	2239732.531428542
857APD_0	2243571.531428542
1179APD_0	2245437.531428542
1149APD_0	2246937.531428542
70APD_0	2248049.531428542
61APD_0	2252676.531428542
2435APD_0	2255997.531428542
1600APD_0	2256690.531428542
1242APD_0	2257558.531428542
1578APD_0	2258147.531428542
1314APD_0	2259258.531428542
856APD_0	2259908.531428542
1189APD_0	2261187.531428542
359APD_0	2266218.531428542
1227APD_0	2269688.531428542
1720APD_0	2274681.531428542
1323APD_0	2278463.531428542
846APD_0	2282199.531428542
492APD_0	2283391.531428542
226APD_0	2284806.531428542
1213APD_0	2287091.531428542
1876APD_0	2288450.531428542
624APD_0	2292762.531428542
2103APD_0	2295015.358430599
2140APD_0	2296085.358430599
1085APD_0	2296866.531428542
1007APD_0	2298010.358430599
185APD_0	2299492.358430599
1842APD_0	2302435.531428542
1275APD_0	2303680.531428542
2153APD_0	2304372.531428542
312APD_0	2305488.531428542
752APD_0	2307467.531428542
2209APD_0	2309820.531428542
1520APD_0	2310511.531428542
2081APD_0	2311619.531428542
1605APD_0	2313754.531428542
536APD_0	2316180.531428542
1551APD_0	2317687.531428542
608APD_0	2318170.010256245
2346APD_0	2318759.010256245
668APD_0	2324665.010256245
1645APD_0	2325355.010256245
286APD_0	2330033.010256245
814APD_0	2336957.010256245
138APD_0	2338100.010256245
1148APD_0	2341433.010256245
1641APD_0	2343655.010256245
38APD_0	2345887.04885921
880APD_0	2351142.010256245
177APD_0	2353867.010256245
2316APD_0	2355761.010256245
1498APD_0	2360524.010256245
224APD_0	2362479.010256245
976APD_0	2368260.010256245
1954APD_0	2373006.010256245
1341APD_0	2374430.010256245
2052APD_0	2375058.010256245
1770APD_0	2376441.010256245
1289APD_0	2377210.010256245
739APD_0	2377933.010256245
1975APD_0	2378416.010256245
1247APD_0	2385201.010256245
950APD_0	2387293.010256245
809APD_0	2398080.010256245
1655APD_0	2398866.010256245
2279APD_0	2400433.010256245
2040APD_0	2403406.010256245
1965APD_0	2404521.010256245
2131APD_0	2406830.010256245
1122APD_0	2410254.010256245
602APD_0	2412225.010256245
1280APD_0	2414612.010256245
475APD_0	2416239.010256245
2230APD_0	2420144.010256245
436APD_0	2420792.618639554
1262APD_0	2421225.758403923
873APD_0	2421860.758403923
774APD_0	2424669.758403923
1538APD_0	2426840.859372155
556APD_0	2430122.859372155
2406APD_0	2431625.859372155
1671APD_0	2433929.859372155
1938APD_0	2434325.859372155
524APD_0	2438791.859372155
1767APD_0	2445279.859372155
193APD_0	2447515.859372155
227APD_0	2451980.859372155
528APD_0	2459678.859372155
1079APD_0	2462665.859372155
126APD_0	2463480.859372155
368APD_0	2464354.859372155
1836APD_0	2465666.859372155
431APD_0	2468958.859372155
2237APD_0	2476097.9336795155
1102APD_0	2479476.9336795155
566APD_0	2481813.859372155
756APD_0	2484324.859372155
1919APD_0	2487282.859372155
1421APD_0	2491603.859372155
1814APD_0	2492601.859372155
1383APD_0	2494318.5249846797
2062APD_0	2496028.859372155
2290APD_0	2500836.859372155
973APD_0	2501635.859372155
2023APD_0	2506532.466780926
1843APD_0	2506883.466780926
604APD_0	2507651.466780926
1099APD_0	2511366.466780926
2055APD_0	2512981.466780926
1871APD_0	2516296.466780926
826APD_0	2517880.859372155
1732APD_0	2522464.466780926
1172APD_0	2523609.466780926
2192APD_0	2524921.3390496876
1971APD_0	2526379.3390496876
2219APD_0	2528798.466780926
1348APD_0	2532689.466780926
170APD_0	2533376.466780926
461APD_0	2537288.466780926
2432APD_0	2538772.466780926
127APD_0	2540192.466780926
2189APD_0	2540880.466780926
1532APD_0	2541699.466780926
1979APD_0	2546977.466780926
578APD_0	2548582.466780926
121APD_0	2550616.6353011206
2327APD_0	2551018.466780926
1066APD_0	2551518.3390496876
1226APD_0	2554660.466780926
1091APD_0	2555563.3390496876
2184APD_0	2556848.466780926
1563APD_0	2562612.3390496876
910APD_0	2566238.3390496876
929APD_0	2568957.466780926
1361APD_0	2570857.3390496876
1993APD_0	2575081.3390496876
2315APD_0	2578644.3390496876
616APD_0	2579916.3390496876
102APD_0	2582426.3390496876
287APD_0	2588089.3390496876
1204APD_0	2591998.3390496876
1273APD_0	2594317.3390496876
2454APD_0	2598098.3390496876
1902APD_0	2600934.3390496876
130APD_0	2603395.3390496876
1205APD_0	2603969.3390496876
1159APD_0	2604700.3390496876
1349APD_0	2606102.3390496876
619APD_0	2609435.3390496876
1669APD_0	2611391.3390496876
1620APD_0	2613654.3390496876
360APD_0	2614520.3390496876
1708APD_0	2621372.3390496876
2330APD_0	2622127.3390496876
313APD_0	2625257.3390496876
1037APD_0	2628555.3390496876
1562APD_0	2631074.3390496876
2226APD_0	2634091.3390496876
141APD_0	2639565.3390496876
2438APD_0	2641152.3390496876
1373APD_0	2643583.3390496876
63APD_0	2644798.3390496876
2320APD_0	2649962.3390496876
888APD_0	2652713.3390496876
917APD_0	2654667.3390496876
1225APD_0	2655352.3390496876
1142APD_0	2658017.3390496876
824APD_0	2660007.3390496876
2202APD_0	2661198.3390496876
274APD_0	2662711.3390496876
1021APD_0	2663580.5338916057
526APD_0	2664110.2886260333
1290APD_0	2664859.8532682345
1685APD_0	2665632.657245382
522APD_0	2668828.657245382
2174APD_0	2671481.657245382
1804APD_0	2672227.657245382
2259APD_0	2674590.716189146
1582APD_0	2677142.716189146
844APD_0	2678972.657245382
922APD_0	2679832.657245382
2342APD_0	2680591.657245382
795APD_0	2682725.657245382
1830APD_0	2683573.716189146
1536APD_0	2686342.657245382
2225APD_0	2688378.657245382
2036APD_0	2689820.657245382
2340APD_0	2691530.657245382
834APD_0	2692068.657245382
563APD_0	2694385.657245382
1699APD_0	2694755.657245382
1748APD_0	2696511.657245382
1475APD_0	2698098.657245382
2200APD_0	2699407.657245382
405APD_0	2701129.657245382
1125APD_0	2702698.657245382
1617APD_0	2712674.657245382
1220APD_0	2713811.657245382
862APD_0	2714284.657245382
1640APD_0	2720307.657245382
504APD_0	2720979.657245382
49APD_0	2727127.359840935
116APD_0	2737539.359840935
150APD_0	2737592.359840935
2236APD_0	2739300.359840935
1224APD_0	2739800.359840935
2123APD_0	2739873.359840935
799APD_0	2740390.359840935
1800APD_0	2742574.8247637777
736APD_0	2743080.891897501
230APD_0	2743667.3849714817
432APD_0	2745099.3849714817
1923APD_0	2752533.3849714817
2169APD_0	2753006.3531530458
1420APD_0	2756476.3531530458
1657APD_0	2758125.3531530458
849APD_0	2762321.3531530458
1471APD_0	2773821.3531530458
618APD_0	2778642.3531530458
303APD_0	2779190.3531530458
15APD_0	2781904.3531530458
2210APD_0	2785929.3531530458
430APD_0	2788685.3531530458
319APD_0	2800630.3531530458
1612APD_0	2803593.3531530458
853APD_0	2816901.3531530458
1160APD_0	2817143.3531530458
428APD_0	2819959.3531530458
1818APD_0	2820702.3531530458
544APD_0	2821283.3531530458
1449APD_0	2821799.3531530458
2301APD_0	2822339.3531530458
2048APD_0	2824613.3531530458
672APD_0	2831730.3531530458
2091APD_0	2840176.3531530458
633APD_0	2846366.3531530458
650APD_0	2847807.3531530458
221APD_0	2850008.3531530458
53APD_0	2850326.3531530458
72APD_0	2851200.3531530458
445APD_0	2851211.3531530458
2178APD_0	2852450.3531530458
1959APD_0	2853313.3531530458
291APD_0	2854667.3531530458
346APD_0	2855913.3531530458
220APD_0	2857410.3531530458
744APD_0	2860893.3531530458
1211APD_0	2861241.3531530458
576APD_0	2862055.3531530458
369APD_0	2862541.3531530458
1064APD_0	2864478.3531530458
816APD_0	2864971.5896890964
411APD_0	2865255.599981639
465APD_0	2865813.599981639
159APD_0	2869767.599981639
2007APD_0	2876422.599981639
2243APD_0	2878714.599981639
78APD_0	2879270.599981639
655APD_0	2879909.8921388504
1427APD_0	2886107.8921388504
1316APD_0	2898771.599981639
2086APD_0	2902124.646998983
1338APD_0	2903141.599981639
1611APD_0	2903762.599981639
142APD_0	2907872.599981639
1448APD_0	2918145.646998983
1945APD_0	2919329.646998983
390APD_0	2921607.036299473
258APD_0	2932419.599981639
1885APD_0	2942964.599981639
1279APD_0	2944340.599981639
422APD_0	2960591.599981639
20APD_0	2964844.599981639
1296APD_0	2972644.599981639
143APD_0	2974740.599981639
887APD_0	2977544.599981639
249APD_0	2978947.599981639
2341APD_0	2982572.599981639
257APD_0	2984477.8921388504
246APD_0	2985353.8921388504
201APD_0	2985885.599981639
1924APD_0	2988603.599981639
531APD_0	2989893.646998983
2422APD_0	2990854.599981639
2384APD_0	2991927.646998983
1762APD_0	2993460.646998983
136APD_0	3001159.599981639
1202APD_0	3004872.599981639
983APD_0	3010681.599981639
1278APD_0	3013514.646998983
1116APD_0	3016387.599981639
1201APD_0	3017585.646998983
67APD_0	3018485.599981639
1264APD_0	3022147.646998983
1754APD_0	3023328.002491878
2428APD_0	3025187.002491878
1043APD_0	3028113.8921388504
1803APD_0	3030225.646998983
1909APD_0	3031500.599981639
733APD_0	3033568.599981639
1128APD_0	3042860.599981639
821APD_0	3044142.036299473
1960APD_0	3045188.036299473
36APD_0	3048765.646998983
1434APD_0	3052661.599981639
355APD_0	3053683.036299473
355APD_1	3053683.036299473
2360APD_0	3054476.8921388504
133APD_0	3055560.036299473
1545APD_0	3056828.599981639
1327APD_0	3058557.036299473
600APD_0	3059565.036299473
972APD_0	3060479.036299473
1927APD_0	3060763.599981639
2098APD_0	3061744.599981639
2082APD_0	3062432.599981639
622APD_0	3063716.13312504
1602APD_0	3064529.599981639
1736APD_0	3065564.646998983
328APD_0	3066240.599981639
598APD_0	3066682.599981639
2168APD_0	3068642.599981639
2267APD_0	3069077.599981639
1805APD_0	3071127.599981639
1221APD_0	3072788.599981639
1394APD_0	3073499.599981639
1239APD_0	3077016.8921388504
363APD_0	3077395.599981639
692APD_0	3077986.599981639
652APD_0	3078389.719620163
2318APD_0	3078702.599981639
792APD_0	3080780.599981639
1051APD_0	3082570.599981639
1915APD_0	3084089.646998983
895APD_0	3085843.646998983
1333APD_0	3088953.599981639
343APD_0	3091105.599981639
1759APD_0	3096951.599981639
697APD_0	3098085.599981639
1112APD_0	3101574.599981639
1198APD_0	3102892.599981639
1796APD_0	3105935.599981639
282APD_0	3107152.599981639
2416APD_0	3109777.599981639
1336APD_0	3111481.599981639
2163APD_0	3113368.599981639
2053APD_0	3116255.599981639
1917APD_0	3117908.599981639
605APD_0	3119889.599981639
1682APD_0	3122285.599981639
2047APD_0	3125302.599981639
336APD_0	3129144.599981639
2436APD_0	3132877.599981639
540APD_0	3133681.599981639
1042APD_0	3137909.599981639
702APD_0	3139991.599981639
966APD_0	3141798.599981639
842APD_0	3143304.599981639
1565APD_0	3144364.599981639
415APD_0	3150547.599981639
1891APD_0	3157154.599981639
1342APD_0	3158149.599981639
1614APD_0	3158856.599981639
283APD_0	3159452.599981639
21APD_0	3162900.599981639
2449APD_0	3163734.599981639
1546APD_0	3164977.599981639
1209APD_0	3167925.599981639
1303APD_0	3170492.599981639
1131APD_0	3171808.599981639
1492APD_0	3172388.599981639
1444APD_0	3174605.599981639
1910APD_0	3175900.014494519
2262APD_0	3183910.599981639
1556APD_0	3187021.599981639
1442APD_0	3188805.599981639
1217APD_0	3189842.599981639
2152APD_0	3191661.599981639
2452APD_0	3194362.599981639
2217APD_0	3195941.014494519
1755APD_0	3197632.599981639
333APD_0	3198394.599981639
763APD_0	3200208.599981639
754APD_0	3203538.599981639
981APD_0	3204524.599981639
1998APD_0	3207363.599981639
1722APD_0	3207939.599981639
1588APD_0	3210031.532099344
2338APD_0	3211107.599981639
704APD_0	3212568.599981639
4APD_0	3213159.599981639
140APD_0	3214436.599981639
1305APD_0	3226537.599981639
686APD_0	3227222.599981639
296APD_0	3228963.599981639
1623APD_0	3229400.599981639
1446APD_0	3230920.599981639
2027APD_0	3232430.599981639
2421APD_0	3235281.599981639
124APD_0	3237997.599981639
1890APD_0	3241896.599981639
848APD_0	3244442.599981639
386APD_0	3246245.599981639
1912APD_0	3248216.599981639
263APD_0	3248675.599981639
181APD_0	3251564.599981639
1230APD_0	3252075.599981639
1173APD_0	3253843.599981639
2362APD_0	3254676.599981639
1865APD_0	3255958.599981639
1687APD_0	3256624.599981639
1739APD_0	3257527.599981639
932APD_0	3259018.599981639
2006APD_0	3261398.599981639
611APD_0	3262636.599981639
1072APD_0	3263143.599981639
1709APD_0	3265363.599981639
732APD_0	3266390.599981639
243APD_0	3267289.599981639
28APD_0	3269928.599981639
1034APD_0	3272856.599981639
74APD_0	3273465.599981639
487APD_0	3274509.599981639
2104APD_0	3277461.599981639
2325APD_0	3278346.599981639
2310APD_0	3279318.599981639
317APD_0	3279819.599981639
1183APD_0	3282255.599981639
2357APD_0	3282732.599981639
1872APD_0	3283406.599981639
392APD_0	3286731.599981639
1196APD_0	3288603.599981639
2150APD_0	3289813.599981639
1286APD_0	3290327.599981639
1452APD_0	3291129.599981639
289APD_0	3291509.599981639
626APD_0	3293505.599981639
1392APD_0	3296476.599981639
1964APD_0	3298047.599981639
798APD_0	3299935.599981639
2427APD_0	3300801.599981639
2271APD_0	3301381.599981639
782APD_0	3302596.599981639
534APD_0	3305039.599981639
550APD_0	3306552.599981639
231APD_0	3307350.599981639
539APD_0	3308599.599981639
1462APD_0	3309538.599981639
1683APD_0	3312802.599981639
1089APD_0	3313441.599981639
1616APD_0	3314489.599981639
30APD_0	3315346.599981639
456APD_0	3316093.599981639
2274APD_0	3321519.599981639
2238APD_0	3322037.599981639
1581APD_0	3324324.599981639
2139APD_0	3325206.599981639
949APD_0	3327349.599981639
1724APD_0	3330170.599981639
2268APD_0	3330892.599981639
2005APD_0	3331395.599981639
144APD_0	3336349.599981639
174APD_0	3339767.599981639
930APD_0	3342470.599981639
1178APD_0	3343334.599981639
513APD_0	3347496.8821616448
203APD_0	3348169.599981639
1190APD_0	3350715.599981639
2176APD_0	3351368.599981639
1120APD_0	3352604.599981639
2165APD_0	3354852.599981639
66APD_0	3355851.599981639
517APD_0	3359539.599981639
1662APD_0	3364219.782576262
354APD_0	3364677.193713262
796APD_0	3365227.4497246174
710APD_0	3365737.4497246174
804APD_0	3366703.4497246174
402APD_0	3367422.4497246174
2447APD_0	3369006.4497246174
45APD_0	3370111.4497246174
1999APD_0	3371024.4497246174
1419APD_0	3371859.4497246174
557APD_0	3374346.4497246174
252APD_0	3376159.4497246174
2101APD_0	3380637.4497246174
1690APD_0	3383623.4497246174
2371APD_0	3386712.4497246174
1214APD_0	3387059.4497246174
647APD_0	3389386.4497246174
815APD_0	3393274.4497246174
691APD_0	3393929.4497246174
1790APD_0	3394461.4497246174
2115APD_0	3395223.4497246174
967APD_0	3396221.4497246174
2078APD_0	3398810.4497246174
499APD_0	3412476.4497246174
901APD_0	3422635.4497246174
1810APD_0	3424696.4497246174
26APD_0	3425193.4497246174
1028APD_0	3430606.4497246174
911APD_0	3431501.4497246174
1961APD_0	3433763.4497246174
907APD_0	3434575.4497246174
607APD_0	3435482.4497246174
1497APD_0	3436961.4497246174
2328APD_0	3441429.4497246174
2185APD_0	3442395.4497246174
558APD_0	3442984.4497246174
419APD_0	3452639.4497246174
1697APD_0	3453571.4497246174
52APD_0	3460753.4497246174
47APD_0	3461405.4497246174
162APD_0	3463606.4497246174
108APD_0	3464746.4497246174
1004APD_0	3465017.4497246174
2374APD_0	3466888.4497246174
370APD_0	3467264.4497246174
2213APD_0	3497483.4497246174
8APD_0	3502095.4497246174
339APD_0	3506108.4497246174
1426APD_0	3506637.4497246174
34APD_0	3508539.4497246174
22APD_0	3510034.4497246174
678APD_0	3513168.4497246174
2462APD_0	3515523.4497246174
135APD_0	3516353.4497246174
1294APD_0	3519438.4497246174
234APD_0	3523186.4497246174
847APD_0	3527651.4497246174
2028APD_0	3530741.4497246174
292APD_0	3534345.4497246174
442APD_0	3543819.4497246174
1832APD_0	3548428.4497246174
2129APD_0	3550007.4497246174
264APD_0	3552416.4497246174
2201APD_0	3554889.4497246174
561APD_0	3555740.406569368
453APD_0	3556693.4497246174
769APD_0	3557194.4497246174
2453APD_0	3559324.406569368
115APD_0	3561715.406569368
1372APD_0	3563953.4497246174
107APD_0	3565296.4497246174
1129APD_0	3570196.4497246174
1606APD_0	3570852.4497246174
1540APD_0	3575934.4497246174
1431APD_0	3578372.4497246174
1407APD_0	3580306.4497246174
1663APD_0	3583670.4497246174
1094APD_0	3585753.4497246174
643APD_0	3586237.4497246174
2251APD_0	3586814.4497246174
250APD_0	3587533.4497246174
1257APD_0	3590215.4497246174
2010APD_0	3590741.4497246174
807APD_0	3592785.4497246174
1901APD_0	3594281.4497246174
197APD_0	3594644.4497246174
2317APD_0	3596887.4497246174
2303APD_0	3598785.4497246174
1726APD_0	3599502.4497246174
712APD_0	3600418.4497246174
1325APD_0	3600767.4497246174
489APD_0	3604315.4497246174
1521APD_0	3605461.4497246174
2111APD_0	3606125.4497246174
956APD_0	3607303.4497246174
60APD_0	3608199.4497246174
1801APD_0	3609100.4497246174
951APD_0	3610856.4497246174
111APD_0	3611381.4497246174
1095APD_0	3612447.4497246174
163APD_0	3614885.4497246174
1664APD_0	3616823.4497246174
417APD_0	3620690.4497246174
660APD_0	3627365.4497246174
129APD_0	3630905.4497246174
693APD_0	3634353.4497246174
268APD_0	3636552.4497246174
412APD_0	3638785.4497246174
1778APD_0	3640565.4497246174
1308APD_0	3642156.4497246174
1152APD_0	3645491.4497246174
92APD_0	3647209.4497246174
974APD_0	3651928.4497246174
1188APD_0	3652897.4497246174
2167APD_0	3654753.4497246174
1597APD_0	3660531.4497246174
397APD_0	3661377.4497246174
2070APD_0	3662494.4497246174
1950APD_0	3664358.4497246174
860APD_0	3665898.6494051707
267APD_0	3669093.6494051707
1234APD_0	3670499.1260864856
1493APD_0	3679904.6494051707
2309APD_0	3680616.490764594
962APD_0	3682420.4497246174
423APD_0	3683242.490764594
1795APD_0	3685363.490764594
914APD_0	3687007.490764594
1328APD_0	3687626.490764594
1123APD_0	3688669.490764594
1019APD_0	3689572.490764594
425APD_0	3691192.4497246174
420APD_0	3692692.4497246174
112APD_0	3694528.4497246174
1594APD_0	3697804.4497246174
828APD_0	3698952.4497246174
625APD_0	3700934.4497246174
2295APD_0	3705883.490764594
709APD_0	3708279.4497246174
1531APD_0	3709498.4497246174
2407APD_0	3711392.4497246174
586APD_0	3716040.839088388
5APD_0	3718210.4497246174
200APD_0	3719363.4497246174
905APD_0	3721807.4497246174
1988APD_0	3723092.490764594
76APD_0	3723655.490764594
161APD_0	3724734.490764594
192APD_0	3730616.4497246174
649APD_0	3734714.4497246174
256APD_0	3740781.4497246174
1464APD_0	3749725.4497246174
554APD_0	3750186.4497246174
1788APD_0	3752924.4497246174
979APD_0	3756305.4497246174
765APD_0	3757656.4497246174
1639APD_0	3762030.4497246174
288APD_0	3763246.490764594
1569APD_0	3782085.4497246174
1881APD_0	3782704.4497246174
1027APD_0	3788105.490764594
2260APD_0	3789700.490764594
1855APD_0	3795046.4497246174
1490APD_0	3796425.4497246174
2233APD_0	3798535.4497246174
1377APD_0	3799745.4497246174
1045APD_0	3801044.490764594
278APD_0	3803060.4497246174
2061APD_0	3810585.4497246174
16APD_0	3812960.4497246174
1905APD_0	3816172.4497246174
1899APD_0	3818359.4497246174
294APD_0	3818981.4497246174
207APD_0	3820686.017365565
1758APD_0	3821154.4497246174
2045APD_0	3823268.4497246174
1576APD_0	3824302.4497246174
1642APD_0	3828133.4497246174
1080APD_0	3839909.4497246174
541APD_0	3840708.4497246174
1897APD_0	3846266.4497246174
1943APD_0	3854934.4497246174
1469APD_0	3859492.4497246174
114APD_0	3860199.4497246174
238APD_0	3864538.4497246174
2332APD_0	3876305.490764594
688APD_0	3877027.126846501
1784APD_0	3880095.126846501
321APD_0	3883435.126846501
1182APD_0	3887992.4497246174
1061APD_0	3889247.4497246174
1429APD_0	3891941.126846501
1838APD_0	3892722.4497246174
2288APD_0	3893946.126846501
2376APD_0	3895046.123790133
2282APD_0	3900579.4497246174
925APD_0	3902295.123790133
373APD_0	3903329.850641494
512APD_0	3909481.850641494
245APD_0	3915675.5069529675
105APD_0	3921440.5069529675
508APD_0	3923681.5069529675
418APD_0	3928123.5069529675
214APD_0	3931234.5069529675
869APD_0	3939422.5069529675
302APD_0	3944363.281222913
401APD_0	3945427.281222913
259APD_0	3948088.281222913
305APD_0	3950795.281222913
2375APD_0	3959872.281222913
1139APD_0	3961563.281222913
160APD_0	3967070.281222913
687APD_0	3975214.281222913
473APD_0	3976267.281222913
2457APD_0	3978136.281222913
1859APD_0	3985676.281222913
574APD_0	3987073.281222913
393APD_0	3992875.281222913
457APD_0	4001218.281222913
137APD_0	4007912.281222913
537APD_0	4014698.281222913
236APD_0	4020025.281222913
298APD_0	4024033.281222913
2207APD_0	4028043.281222913
2012APD_0	4030903.281222913
1298APD_0	4031345.281222913
2232APD_0	4031949.281222913
868APD_0	4035990.281222913
1001APD_0	4041475.281222913
416APD_0	4045418.281222913
2352APD_0	4049340.281222913
872APD_0	4050468.281222913
1656APD_0	4051170.281222913
1324APD_0	4051793.998208275
1496APD_0	4052300.281222913
1573APD_0	4052988.050119097
1718APD_0	4053595.281222913
10APD_0	4055980.281222913
272APD_0	4057187.281222913
1559APD_0	4058952.281222913
1700APD_0	4060042.281222913
1418APD_0	4061173.281222913
532APD_0	4064040.281222913
85APD_0	4065197.281222913
1488APD_0	4067533.281222913
169APD_0	4068959.281222913
530APD_0	4069521.601724825
388APD_0	4069744.281222913
1734APD_0	4069977.0333716692
2147APD_0	4070408.2194195376
1831APD_0	4071396.4960264815
1371APD_0	4071879.9301062142
2018APD_0	4072409.8692438547
1501APD_0	4072877.8042381653
985APD_0	4073514.8042381653
7APD_0	4074231.8042381653
582APD_0	4075418.903336851
297APD_0	4076644.903336851
1648APD_0	4080282.8042381653
1331APD_0	4080964.1380827404
749APD_0	4082965.1380827404
2403APD_0	4083701.8042381653
496APD_0	4084284.1373860636
426APD_0	4085501.8042381653
493APD_0	4087739.8042381653
695APD_0	4093720.8042381653
100APD_0	4095993.8042381653
2246APD_0	4114414.8042381653
940APD_0	4119360.8042381653
1561APD_0	4119891.8042381653
851APD_0	4128177.8042381653
2241APD_0	4129765.8042381653
2067APD_0	4130797.8042381653
1666APD_0	4132688.8042381653
1558APD_0	4137403.8042381653
721APD_0	4140491.8042381653
552APD_0	4143774.8042381653
2451APD_0	4147898.8042381653
330APD_0	4149315.8042381653
353APD_0	4157343.8042381653
353APD_1	4157343.8042381653
2443APD_0	4165952.8042381653
1130APD_0	4168721.8042381653
1553APD_0	4171298.8042381653
912APD_0	4175586.8042381653
1133APD_0	4177750.8042381653
635APD_0	4179137.8042381653
323APD_0	4185417.8042381653
1046APD_0	4193626.8042381653
1550APD_0	4194332.804238165
2270APD_0	4196513.804238165
262APD_0	4199493.804238165
437APD_0	4201252.804238165
479APD_0	4205125.804238165
2234APD_0	4224293.804238165
2208APD_0	4228509.804238165
587APD_0	4230054.804238165
1603APD_0	4233763.804238165
39APD_0	4238449.486222172
606APD_0	4250156.486222172
1951APD_0	4250666.486222172
2347APD_0	4252360.486222172
81APD_0	4255758.486222172
923APD_0	4265884.486222172
1715APD_0	4266450.486222172
634APD_0	4273864.43066609
803APD_0	4276633.851744375
1735APD_0	4278970.851744375
2215APD_0	4282738.851744375
965APD_0	4284255.851744375
1760APD_0	4286111.851744375
1824APD_0	4287460.851744375
1203APD_0	4289071.851744375
987APD_0	4289794.851744375
1896APD_0	4294330.851744375
1384APD_0	4299307.851744375
46APD_0	4300203.851744375
349APD_0	4302900.851744375
1564APD_0	4304840.851744375
585APD_0	4305896.851744375
2424APD_0	4308508.851744375
1526APD_0	4309485.851744375
25APD_0	4311980.851744375
801APD_0	4324381.851744375
2116APD_0	4325763.851744375
1339APD_0	4327858.851744375
926APD_0	4332015.851744375
1887APD_0	4333244.851744375
1791APD_0	4335519.851744375
1304APD_0	4337230.851744375
663APD_0	4342577.851744375
2441APD_0	4346929.851744375
213APD_0	4353990.555569843
443APD_0	4358916.851744375
1447APD_0	4359623.851744375
467APD_0	4367035.851744375
2198APD_0	4369966.851744375
1364APD_0	4370938.851744375
1032APD_0	4382144.851744375
488APD_0	4383102.851744375
570APD_0	4384846.851744375
470APD_0	4387922.851744375
56APD_0	4393034.851744375
310APD_0	4396572.851744375
2418APD_0	4398233.851744375
1489APD_0	4399278.851744375
451APD_0	4402429.851744375
2120APD_0	4408314.851744375
2281APD_0	4409117.851744375
2343APD_0	4414388.851744375
2030APD_0	4417698.851744375
1352APD_0	4419604.851744375
2314APD_0	4420265.851744375
514APD_0	4421077.851744375
1727APD_0	4422271.851744375
1110APD_0	4422957.851744375
953APD_0	4424517.851744375
2311APD_0	4429689.851744375
375APD_0	4439694.851744375
2017APD_0	4450631.851744375
1455APD_0	4454669.851744375
2444APD_0	4456184.851744375
1673APD_0	4459795.851744375
1484APD_0	4468847.290277878
175APD_0	4477780.851744375
400APD_0	4487460.851744375
1638APD_0	4490250.431654903
233APD_0	4503855.431654903
146APD_0	4506836.851744375
870APD_0	4516180.851744375
1650APD_0	4517665.851744375
1972APD_0	4522379.851744375
875APD_0	4525188.1280494295
396APD_0	4526048.1280494295
2433APD_0	4527591.1280494295
819APD_0	4528239.959093883
1792APD_0	4528674.925567179
378APD_0	4529063.1280494295
247APD_0	4533243.1280494295
839APD_0	4534653.1280494295
329APD_0	4536220.1280494295
2300APD_0	4537237.1280494295
628APD_0	4539136.1280494295
1115APD_0	4543946.1280494295
2254APD_0	4545518.1280494295
971APD_0	4546608.1280494295
1587APD_0	4550283.1280494295
897APD_0	4552557.1280494295
1984APD_0	4554378.1280494295
1659APD_0	4556958.1280494295
734APD_0	4558259.1280494295
1643APD_0	4559874.1280494295
1728APD_0	4561067.709313405
1670APD_0	4561650.202977378
155APD_0	4561932.855724657
1307APD_0	4562989.855724657
2402APD_0	4563449.855724657
2186APD_0	4571506.855724657
2084APD_0	4572086.855724657
790APD_0	4573274.855724657
1166APD_0	4573919.855724657
450APD_0	4577213.855724657
784APD_0	4579528.855724657
636APD_0	4582699.855724657
409APD_0	4589697.855724657
1401APD_0	4595288.9622142855
1686APD_0	4598008.855724657
1144APD_0	4599862.855724657
538APD_0	4601140.855724657
2042APD_0	4608852.855724657
679APD_0	4609965.855724657
1849APD_0	4611197.855724657
2283APD_0	4613172.855724657
2245APD_0	4615982.855724657
1868APD_0	4617108.855724657
1047APD_0	4617915.855724657
719APD_0	4621306.855724657
215APD_0	4621991.855724657
1787APD_0	4623416.855724657
1598APD_0	4625522.855724657
2216APD_0	4626144.855724657
2031APD_0	4627793.855724657
1780APD_0	4628400.855724657
2105APD_0	4629892.855724657
1875APD_0	4630377.855724657
2294APD_0	4633068.855724657
1509APD_0	4633955.855724657
1519APD_0	4635086.855724657
1056APD_0	4636426.855724657
474APD_0	4637529.855724657
642APD_0	4641748.855724657
729APD_0	4642654.855724657
194APD_0	4643833.855724657
41APD_0	4644949.855724657
730APD_0	4645948.855724657
2405APD_0	4646754.855724657
841APD_0	4647558.855724657
1382APD_0	4647995.855724657
2065APD_0	4648849.855724657
1180APD_0	4649432.855724657
723APD_0	4651122.855724657
469APD_0	4652510.855724657
753APD_0	4655256.855724657
1376APD_0	4660018.855724657
1936APD_0	4662436.855724657
1743APD_0	4666454.855724657
1848APD_0	4672220.855724657
767APD_0	4673272.855724657
33APD_0	4674227.855724657
505APD_0	4674818.855724657
2095APD_0	4683743.855724657
1367APD_0	4686512.855724657
42APD_0	4687849.855724657
2397APD_0	4689832.855724657
1973APD_0	4690456.855724657
659APD_0	4690990.855724657
1087APD_0	4691469.855724657
787APD_0	4695809.855724657
13APD_0	4696223.855724657
2306APD_0	4696987.855724657
762APD_0	4698468.855724657
1050APD_0	4699238.855724657
97APD_0	4701730.855724657
1082APD_0	4702656.855724657
1557APD_0	4703086.855724657
1267APD_0	4704406.855724657
1766APD_0	4705638.855724657
937APD_0	4706429.855724657
87APD_0	4707257.855724657
794APD_0	4711433.855724657
1235APD_0	4713486.855724657
434APD_0	4713927.855724657
1109APD_0	4714427.855724657
893APD_0	4714876.855724657
1175APD_0	4716843.855724657
977APD_0	4717399.855724657
2035APD_0	4718939.855724657
166APD_0	4719498.855724657
455APD_0	4720554.855724657
1200APD_0	4721941.855724657
1345APD_0	4723986.855724657
614APD_0	4724453.855724657
1676APD_0	4728734.855724657
1834APD_0	4730320.855724657
637APD_0	4730988.855724657
671APD_0	4731739.855724657
1070APD_0	4732413.855724657
2344APD_0	4733368.855724657
696APD_0	4734069.855724657
29APD_0	4739348.855724657
1424APD_0	4742567.855724657
1652APD_0	4743834.855724657
293APD_0	4745621.855724657
122APD_0	4746590.855724657
1340APD_0	4747357.855724657
1953APD_0	4750926.855724657
592APD_0	4752447.855724657
2063APD_0	4752903.183839138
1350APD_0	4756200.855724657
2194APD_0	4758561.855724657
1918APD_0	4760523.855724657
957APD_0	4762214.855724657
1667APD_0	4762759.855724657
1186APD_0	4763414.855724657
632APD_0	4765411.855724657
179APD_0	4767577.855724657
1218APD_0	4768307.855724657
248APD_0	4769320.855724657
165APD_0	4770997.855724657
707APD_0	4771511.855724657
304APD_0	4772985.855724657
1504APD_0	4777575.855724657
2348APD_0	4781774.855724657
1898APD_0	4784457.511058344
2299APD_0	4785022.007914501
1660APD_0	4785327.237928801
1378APD_0	4786711.237928801
468APD_0	4787392.237928801
2298APD_0	4789718.237928801
446APD_0	4790570.237928801
123APD_0	4797709.237928801
2218APD_0	4799264.237928801
2385APD_0	4800134.237928801
1078APD_0	4802866.237928801
1705APD_0	4809000.237928801
1997APD_0	4813139.237928801
938APD_0	4814874.237928801
1260APD_0	4816109.237928801
2280APD_0	4820443.237928801
1100APD_0	4821494.237928801
1212APD_0	4822274.237928801
1807APD_0	4822851.237928801
1786APD_0	4824087.237928801
2456APD_0	4825806.237928801
1311APD_0	4826876.237928801
837APD_0	4827609.237928801
2041APD_0	4828867.237928801
2057APD_0	4830643.237928801
825APD_0	4831092.237928801
2014APD_0	4831644.237928801
2401APD_0	4833178.237928801
2133APD_0	4833517.237928801
594APD_0	4834213.237928801
2304APD_0	4836468.237928801
472APD_0	4841039.237928801
2445APD_0	4848497.237928801
2329APD_0	4852360.237928801
1470APD_0	4856051.237928801
2049APD_0	4858338.237928801
954APD_0	4860521.237928801
1215APD_0	4861587.237928801
223APD_0	4863178.237928801
269APD_0	4863706.237928801
2080APD_0	4864401.237928801
