2345APD_0_0	0.0
1483APD_0_0	6671.0
1395APD_0_0	6998.0
1596APD_0_0	9923.0
2235APD_0_0	14278.0
1534APD_0_0	14973.0
546APD_0_0	16562.0
577APD_0_0	19154.0
998APD_0_0	32441.0
209APD_0_0	34279.0
1635APD_0_0	43683.0
1911APD_0_0	45639.702710173704
2109APD_0_0	45808.0
996APD_0_0	47832.0
1907APD_0_0	49027.85705787707
1481APD_0_0	49279.0
2113APD_0_0	55919.0
1402APD_0_0	64498.36860706253
1332APD_0_0	64645.0
1067APD_0_0	68179.0
225APD_0_0	68567.0
1894APD_0_0	77630.0
2448APD_0_0	80780.20626257994
521APD_0_0	81173.0
2319APD_0_0	83131.0
1076APD_0_0	83511.0
301APD_0_0	86677.0
50APD_0_0	88716.0
2396APD_0_0	90730.0
1980APD_0_0	92371.0
958APD_0_0	93440.0
2050APD_0_0	95264.0
1113APD_0_0	99790.0
960APD_0_0	101709.0
831APD_0_0	103345.0
1877APD_0_0	106582.0
1337APD_0_0	107437.0
1630APD_0_0	109440.95022688534
59APD_0_0	114643.0
542APD_0_0	121102.0
1631APD_0_0	125092.0
176APD_0_0	126342.0
567APD_0_0	128517.0
776APD_0_0	130387.0
86APD_0_0	131682.0
71APD_0_0	138139.9267010986
1529APD_0_0	138347.0
1057APD_0_0	139031.0
1472APD_0_0	141201.0
1714APD_0_0	142976.0
1480APD_0_0	145700.0
1400APD_0_0	146145.0
2058APD_0_0	149732.0
943APD_0_0	151411.0
511APD_0_0	152161.0
1698APD_0_0	157540.0
1903APD_0_0	158749.0
1625APD_0_0	163724.2002441027
2387APD_0_0	164218.0
1317APD_0_0	165838.0
212APD_0_0	182832.0
1857APD_0_0	183194.0
931APD_0_0	186156.0
1771APD_0_0	186675.8851913698
1375APD_0_0	187010.0
156APD_0_0	188042.0
19APD_0_0	190754.0
1252APD_0_0	193824.0
772APD_0_0	194581.0
896APD_0_0	195290.0
2013APD_0_0	197002.0
2322APD_0_0	199809.0
439APD_0_0	202761.0
906APD_0_0	203323.97134716003
948APD_0_0	203680.0
1151APD_0_0	206124.0
1904APD_0_0	212505.0
945APD_0_0	214549.0
2085APD_0_0	215207.0
1779APD_0_0	218616.0
1363APD_0_0	219787.0
1380APD_0_0	220569.0
1921APD_0_0	222972.0
1465APD_0_0	225062.0
579APD_0_0	225826.0
876APD_0_0	226281.0
793APD_0_0	227447.0
1991APD_0_0	229632.0
800APD_0_0	232612.48725806092
571APD_0_0	232844.55799933852
2003APD_0_0	233136.0
1238APD_0_0	233660.5775405727
1397APD_0_0	233738.0
885APD_0_0	235289.0
205APD_0_0	236107.0
2022APD_0_0	238930.0
1409APD_0_0	239330.0
1017APD_0_0	239759.0
277APD_0_0	241791.0
2312APD_0_0	243602.0
444APD_0_0	243895.0
374APD_0_0	244342.0
1866APD_0_0	246722.0
1514APD_0_0	247191.0
1608APD_0_0	250993.41992303627
2197APD_0_0	251245.0
2088APD_0_0	252553.0
580APD_0_0	255007.0
506APD_0_0	264190.0
2458APD_0_0	268025.0
480APD_0_0	268906.0
1246APD_0_0	271913.0
1334APD_0_0	272886.0
466APD_0_0	274719.0
855APD_0_0	279109.0
547APD_0_0	280046.0
318APD_0_0	280428.0
682APD_0_0	282338.0
601APD_0_0	282895.0
1939APD_0_0	286237.0
789APD_0_0	287264.0
242APD_0_0	288519.40282005194
1930APD_0_0	288665.0
1543APD_0_0	289505.0
88APD_0_0	291890.0
1955APD_0_0	295588.0
898APD_1_0	296802.0
2380APD_0_0	297342.0
1626APD_0_0	298496.47863426106
1390APD_0_0	298780.0
638APD_0_0	300840.0
216APD_0_0	302442.0
1701APD_0_0	307717.0
684APD_0_0	309217.0
2125APD_0_0	311105.053188019
764APD_0_0	311530.0
898APD_0_0	312344.0
1966APD_0_0	313611.0
1621APD_0_0	314189.053188019
157APD_0_0	314808.0
908APD_0_0	321508.2193785675
2122APD_0_0	322297.0
261APD_0_0	324538.5617431685
1942APD_0_0	324698.0
1586APD_0_0	325385.0
1494APD_0_0	326896.0
832APD_0_0	327870.0
1590APD_0_0	329170.0
1248APD_0_0	330568.0
1889APD_0_0	331252.0
1622APD_0_0	331730.0
241APD_0_0	332589.0
157APD_1_0	337459.0
235APD_0_0	340771.0
2029APD_0_0	343101.3395792549
641APD_0_0	343410.25253410713
184APD_0_0	343756.0
2296APD_0_0	344724.0
593APD_0_0	347554.0
2021APD_0_0	348167.0
1156APD_0_0	352635.8841639469
986APD_0_0	352826.0
850APD_0_0	355909.0
1986APD_0_0	357307.0
35APD_0_0	359156.0
1672APD_0_0	364122.0
1445APD_0_0	365771.0
1454APD_0_0	367546.0
921APD_0_0	367908.0
2032APD_0_0	372701.0
1981APD_0_0	375192.0
735APD_0_0	377007.0
740APD_0_0	380093.0
1850APD_0_0	381487.0
1967APD_0_0	383385.0
1675APD_0_0	385206.0
1169APD_0_0	385856.0
1268APD_0_0	386589.0
208APD_0_0	388116.0
2149APD_0_0	390307.0
276APD_0_0	392850.0
98APD_0_0	400203.0
874APD_0_0	401432.0
2068APD_0_0	402220.0
1137APD_0_0	402579.0
2071APD_0_0	403340.0
1077APD_0_0	404294.0
80APD_0_0	404826.0
2011APD_0_0	405594.0
379APD_0_0	406203.0
1024APD_0_0	406617.0
266APD_0_0	407637.2620118739
588APD_0_0	407901.0
939APD_0_0	411458.0
1433APD_0_0	414269.0
1647APD_0_0	414658.0
1467APD_0_0	417516.0
1192APD_0_0	418859.0
335APD_0_0	419798.0
2256APD_0_0	420986.0
1038APD_0_0	422569.0
429APD_0_0	423663.0
1595APD_0_0	426081.0
2160APD_0_0	426392.0
68APD_0_0	426965.0
2390APD_0_0	427456.0
1010APD_0_0	429860.0
680APD_0_0	433073.0
1185APD_0_0	436825.0
1199APD_0_0	437442.0
1574APD_0_0	439297.0
2092APD_0_0	440033.1452148856
989APD_0_0	440414.0
106APD_0_0	444504.0
2423APD_0_0	452289.0
2434APD_0_0	453351.0
2461APD_0_0	454900.0
1281APD_0_0	457608.0
202APD_0_0	461728.0
2350APD_0_0	462656.0
90APD_0_0	463024.0
2367APD_0_0	467950.0
1661APD_0_0	471907.0
569APD_0_0	474421.0
690APD_0_0	474770.3142061554
1309APD_0_0	474910.0
1665APD_0_0	475877.0
153APD_0_0	478208.0
1816APD_0_0	478993.0
1330APD_0_0	481286.0
2335APD_0_0	483209.0
1751APD_0_0	484276.0
904APD_0_0	488319.0
548APD_0_0	489227.0
811APD_0_0	492772.0
2415APD_0_0	494578.0
2204APD_0_0	495522.0
196APD_0_0	501916.0
714APD_0_0	505739.0
31APD_0_0	507763.57223288965
656APD_0_0	514061.0
1410APD_0_0	523192.0
1852APD_0_0	527488.0
151APD_0_0	529483.0
978APD_0_0	542509.2833234861
861APD_0_0	542688.0
187APD_0_0	543340.0
1162APD_0_0	552608.0
459APD_0_0	553396.0
2261APD_0_0	556646.3407178883
2382APD_0_0	557048.4458692747
57APD_0_0	557605.0
900APD_0_0	558518.0
766APD_0_0	559356.0
189APD_0_0	560180.0
1815APD_0_0	573851.0
2205APD_0_0	576018.0
58APD_0_0	581452.0
421APD_0_0	587781.1551807924
599APD_0_0	589567.0
345APD_0_0	594004.0
37APD_0_0	596402.1551807924
627APD_0_0	597456.3472437494
44APD_0_0	597707.1551807924
11APD_0_0	603945.1551807924
1463APD_0_0	604644.0
865APD_0_0	605834.0
615APD_0_0	610317.0
1783APD_0_0	610545.1551807924
407APD_0_0	610750.0
2394APD_0_0	612503.1551807924
694APD_0_0	613914.1827150546
491APD_0_0	614086.1551807924
2075APD_0_0	614090.0
462APD_0_0	614254.0
413APD_0_0	614457.4332121558
1500APD_0_0	615029.0
1APD_0_0	615787.0
69APD_0_0	616118.1551807924
1022APD_0_0	616990.1551807924
681APD_0_0	621642.1551807924
1245APD_0_0	624276.0
2110APD_0_0	624619.0
1423APD_0_0	625602.0
1374APD_0_0	627647.1551807924
1773APD_0_0	628018.0
94APD_0_0	632335.0
2420APD_0_0	633127.0
1439APD_0_0	636270.0
703APD_0_0	638872.0
1721APD_0_0	640846.1551807924
58APD_1_0	644442.0
2410APD_0_0	645714.0
89APD_0_0	652770.1551807924
1366APD_0_0	656507.0
1651APD_0_0	657043.0
119APD_0_0	663229.0
572APD_0_0	673552.0
2155APD_0_0	683505.0
708APD_0_0	689216.0
1522APD_0_0	690749.0
134APD_0_0	692129.0
525APD_0_0	695013.0306679717
1729APD_0_0	695434.0306679717
1541APD_0_0	696999.8123248597
845APD_0_0	697189.9599617386
1274APD_0_0	697546.5596176438
1422APD_0_0	697641.491221523
597APD_0_0	697956.0
2134APD_0_0	706207.273135584
75APD_0_0	706378.0306679717
497APD_0_0	718050.0306679717
589APD_0_0	718755.1292405162
464APD_0_0	719660.0306679717
1474APD_0_0	720408.0306679717
565APD_0_0	721330.0306679717
653APD_0_0	724314.0306679717
391APD_0_0	724853.0306679717
1507APD_0_0	737062.0306679717
167APD_0_0	737642.0306679717
224APD_0_0	737785.1363622899
976APD_0_0	743502.1363622899
2337APD_0_0	746042.0306679717
385APD_0_0	747155.0306679717
1954APD_0_0	748242.1363622899
307APD_0_0	748605.0306679717
1341APD_0_0	749662.1363622899
2052APD_0_0	750291.1363622899
1770APD_0_0	751672.8337724232
1289APD_0_0	752438.8810718309
890APD_0_0	752841.3204160545
739APD_0_0	753161.1363622899
1975APD_0_0	753637.1363622899
1261APD_0_0	759052.0306679717
916APD_0_0	760065.0371063963
1691APD_0_0	760362.0306679717
1247APD_0_0	760420.8810718309
452APD_0_0	761035.0306679717
950APD_0_0	762488.1363622899
809APD_0_0	773259.2613832409
1655APD_0_0	774039.2613832409
2279APD_0_0	775595.2613832409
2040APD_0_0	778575.2613832409
158APD_0_0	779436.2160942999
1965APD_0_0	779690.2613832409
438APD_0_0	781616.2613832409
2131APD_0_0	781989.2613832409
781APD_0_0	784118.0306679717
1753APD_0_0	785118.0306679717
1122APD_0_0	785411.2613832409
602APD_0_0	787370.2613832409
1280APD_0_0	789758.2613832409
1523APD_0_0	790530.0306679717
475APD_0_0	791387.2613832409
2230APD_0_0	795284.6346076817
436APD_0_0	795708.5161756733
1262APD_0_0	795851.2613832409
128APD_0_0	796325.739531374
1387APD_0_0	796353.7354974365
873APD_0_0	796417.2613832409
995APD_0_0	796542.0306679717
774APD_0_0	799329.2613832409
2460APD_0_0	801442.0306679717
1538APD_0_0	801479.2613832409
1033APD_0_0	803546.0306679717
556APD_0_0	804747.2613832409
568APD_0_0	804969.0306679717
2406APD_0_0	806249.2613832409
1671APD_0_0	808569.2613832409
1938APD_0_0	808958.2613832409
1970APD_0_0	811811.0306679717
524APD_0_0	813425.7057537881
820APD_0_0	818890.0306679717
77APD_0_0	819617.0306679717
1767APD_0_0	819909.2613832409
1258APD_0_0	821245.0306679717
193APD_0_0	822142.6425024942
1636APD_0_0	826306.2613832409
227APD_0_0	826617.2613832409
1265APD_0_0	826798.0306679717
1253APD_0_0	829214.0306679717
1360APD_0_0	832533.1051953278
73APD_0_0	833047.0306679717
528APD_0_0	834302.7057537881
1146APD_0_0	836997.2019685869
1079APD_0_0	837293.7057537881
126APD_0_0	838108.7057537881
368APD_0_0	838976.7057537881
1836APD_0_0	840299.7057537881
1460APD_0_0	841687.0306679717
431APD_0_0	843607.7057537881
376APD_0_0	847054.0306679717
2237APD_0_0	850738.7057537881
1102APD_0_0	854115.2103412931
566APD_0_0	856450.7057537881
756APD_0_0	858975.7057537881
1919APD_0_0	861939.7057537881
806APD_0_0	862248.0306679717
1421APD_0_0	866270.6327372344
2250APD_0_0	866282.0306679717
1814APD_0_0	867252.7057537881
1383APD_0_0	868964.7057537881
2062APD_0_0	870594.6327372344
2358APD_0_0	874136.0306679717
3APD_0_0	874473.8976084167
2290APD_0_0	875414.6327372344
973APD_0_0	876124.7057537881
573APD_0_0	878620.8976084167
2023APD_0_0	880918.7057537881
1843APD_0_0	881277.7057537881
604APD_0_0	881970.7057537881
1099APD_0_0	885691.7057537881
2055APD_0_0	887322.6327372344
48APD_0_0	887517.8976084167
1871APD_0_0	890643.6327372344
826APD_0_0	892198.7057537881
334APD_0_0	892655.7719453977
1055APD_0_0	892913.8976084167
1732APD_0_0	896841.7057537881
117APD_0_0	897640.8976084167
1172APD_0_0	897988.7057537881
2192APD_0_0	899296.7057537881
1971APD_0_0	900749.7057537881
2219APD_0_0	903140.7057537881
639APD_0_0	906478.8976084167
1348APD_0_0	907035.7057537881
170APD_0_0	907723.7057537881
2211APD_0_0	911189.8976084167
461APD_0_0	911641.7057537881
96APD_0_0	912860.4639847967
2432APD_0_0	913125.7057537881
802APD_0_0	913695.8976084167
127APD_0_0	914545.7057537881
2189APD_0_0	915240.7057537881
1532APD_0_0	916049.7057537881
2077APD_0_0	921072.8976084167
1979APD_0_0	921317.7057537881
578APD_0_0	922914.7057537881
121APD_0_0	924918.2927104736
1774APD_0_0	925091.9571538111
2327APD_0_0	925337.7057537881
1066APD_0_0	925836.7057537881
773APD_0_0	928127.7057537881
1502APD_0_0	928607.7057537881
1226APD_0_0	928982.7057537881
1091APD_0_0	929888.7057537881
1362APD_0_0	930796.9297173708
2184APD_0_0	931169.7057537881
1177APD_0_0	934882.8976084167
324APD_0_0	935669.7057537881
706APD_0_0	936019.7057537881
424APD_0_0	936405.7057537881
1563APD_0_0	936965.7057537881
1679APD_0_0	938845.8976084167
1073APD_0_0	940291.8976084167
910APD_0_0	940581.7057537881
929APD_0_0	943287.7057537881
1361APD_0_0	945166.7057537881
780APD_0_0	949185.3628282015
1993APD_0_0	949383.7057537881
2315APD_0_0	952939.7057537881
616APD_0_0	954208.7057537881
102APD_0_0	956713.7057537881
1249APD_0_0	961159.8976084167
287APD_0_0	962334.7057537881
1506APD_0_0	963839.8976084167
783APD_0_0	965110.8976084167
1204APD_0_0	966224.7057537881
1273APD_0_0	968523.7057537881
2454APD_0_0	972271.7057537881
609APD_0_0	972276.8976084167
1902APD_0_0	975116.7057537881
130APD_0_0	977558.7057537881
1205APD_0_0	978137.7057537881
1159APD_0_0	978853.7057537881
1349APD_0_0	980250.7057537881
619APD_0_0	983576.7057537881
1335APD_0_0	983761.8976084167
1669APD_0_0	985542.7057537881
742APD_0_0	986027.8976084167
1835APD_0_0	986906.8976084167
1620APD_0_0	987804.7057537881
1837APD_0_0	987970.8496269198
360APD_0_0	988652.7057537881
367APD_0_0	991035.8496269198
2038APD_0_0	993722.8976084167
1708APD_0_0	995519.7057537881
612APD_0_0	995998.0690423492
2330APD_0_0	996264.7057537881
313APD_0_0	999389.7057537881
1037APD_0_0	1002670.7057537881
398APD_0_0	1004996.8976084167
1562APD_0_0	1005173.7057537881
2226APD_0_0	1008166.7057537881
2275APD_0_0	1011296.8976084167
877APD_0_0	1012883.8976084167
141APD_0_0	1013647.7057537881
2351APD_0_0	1014040.8976084167
2438APD_0_0	1015229.7057537881
543APD_0_0	1016517.8976084167
1373APD_0_0	1017659.7057537881
382APD_0_0	1018331.2819343472
495APD_0_0	1018559.1859139856
63APD_0_0	1018858.7057537881
551APD_0_0	1019373.8976084167
2320APD_0_0	1024012.7057537881
888APD_0_0	1026748.7057537881
62APD_0_0	1028523.8976084167
917APD_0_0	1028716.7057537881
1225APD_0_0	1029390.7057537881
1048APD_0_0	1030624.8976084167
1040APD_0_0	1031790.9323167
1142APD_0_0	1032027.7057537881
2019APD_0_0	1033057.9717444491
2114APD_0_0	1033726.8976084167
824APD_0_0	1034015.7057537881
399APD_0_0	1034062.8976084166
476APD_0_0	1034358.7057537881
1147APD_0_0	1034582.9365810602
232APD_0_0	1034802.8976084166
2285APD_0_0	1034878.4228198553
2202APD_0_0	1035207.7057537881
1145APD_0_0	1035398.142282722
1453APD_0_0	1035716.8976084166
274APD_0_0	1036718.7057537881
2400APD_0_0	1037367.3537614415
1021APD_0_0	1037590.2268827047
526APD_0_0	1038121.9816171321
2181APD_0_0	1038540.217998263
1290APD_0_0	1038808.9438769332
17APD_0_0	1039137.1033628768
2412APD_0_0	1039200.8976084166
1685APD_0_0	1039595.7057537881
522APD_0_0	1042769.7057537881
2174APD_0_0	1045422.7057537881
509APD_0_0	1045791.7057537881
1804APD_0_0	1046164.7057537881
1798APD_0_0	1047228.8976084167
23APD_0_0	1048009.8976084166
2259APD_0_0	1048522.7057537881
1405APD_0_0	1050298.7057537881
1121APD_0_0	1050498.5005199583
1582APD_0_0	1051061.7057537881
265APD_0_0	1051527.8976084166
1063APD_0_0	1052151.8976084166
523APD_0_0	1052371.7057537881
844APD_0_0	1052889.7057537881
922APD_0_0	1053753.7057537881
1817APD_0_0	1053997.8976084166
2342APD_0_0	1054509.7057537881
795APD_0_0	1056643.7057537881
2112APD_0_0	1057309.8976084166
1830APD_0_0	1057487.7057537881
1893APD_0_0	1058460.8976084166
1580APD_0_0	1059928.8688285379
1536APD_0_0	1060258.7057537881
849APD_0_0	1061768.7057537881
2225APD_0_0	1062301.7057537881
2190APD_0_0	1062702.8976084166
1568APD_0_0	1063197.8976084166
1207APD_0_0	1063384.9225468065
2036APD_0_0	1063738.7057537881
337APD_0_0	1063924.8976084166
2340APD_0_0	1065442.7057537881
834APD_0_0	1065980.7057537881
980APD_0_0	1066845.8976084166
623APD_0_0	1067590.8976084166
563APD_0_0	1068287.7057537881
1699APD_0_0	1068671.7057537881
465APD_0_0	1069155.7057537881
2001APD_0_0	1069299.5146189188
745APD_0_0	1069578.8976084166
1748APD_0_0	1070431.7057537881
881APD_0_0	1070543.6144514584
394APD_0_0	1070664.7057537881
351APD_0_0	1070856.8976084166
1475APD_0_0	1072017.7057537881
1000APD_0_0	1072949.3402928556
433APD_0_0	1073012.600946341
159APD_0_0	1073183.7057537881
1471APD_0_0	1073259.7057537881
2200APD_0_0	1073325.7057537881
498APD_0_0	1074359.7057537881
405APD_0_0	1075043.7057537881
1692APD_0_0	1075459.272997561
2015APD_0_0	1075672.8976084166
1125APD_0_0	1076600.7057537881
1560APD_0_0	1077654.6288099715
618APD_0_0	1078078.7057537881
303APD_0_0	1078626.7057537881
2339APD_0_0	1078679.8976084166
670APD_0_0	1079766.8976084166
2007APD_0_0	1079856.7057537881
1054APD_0_0	1080421.8976084166
1059APD_0_0	1080881.8976084166
2426APD_0_0	1081191.8976084166
15APD_0_0	1081324.7057537881
1990APD_0_0	1082124.7028024062
2243APD_0_0	1082145.7057537881
2388APD_0_0	1082456.33703865
410APD_0_0	1082513.8976084166
78APD_0_0	1082709.7057537881
251APD_0_0	1082810.7057537881
358APD_0_0	1082999.8976084166
655APD_0_0	1083418.7057537881
1505APD_0_0	1083676.7057537881
2210APD_0_0	1085329.7057537881
2083APD_0_0	1086297.7057537881
1617APD_0_0	1086540.7057537881
195APD_0_0	1086824.8976084166
430APD_0_0	1087676.7057537881
1220APD_0_0	1087684.7057537881
1389APD_0_0	1087687.7057537881
862APD_0_0	1088157.7057537881
1358APD_0_0	1089628.7057537881
1427APD_0_0	1089669.9577439318
271APD_0_0	1091837.9070001724
1878APD_0_0	1091983.8976084166
788APD_0_0	1093054.8976084166
2413APD_0_0	1093706.7057537881
2223APD_0_0	1093974.8976084166
1640APD_0_0	1094143.7057537881
779APD_0_0	1094419.5447896407
1935APD_0_0	1094479.8976084166
758APD_0_0	1094710.619177636
504APD_0_0	1094807.7057537881
325APD_0_0	1094989.7057537881
1583APD_0_0	1095744.5124780505
1785APD_0_0	1099159.8976084166
132APD_0_0	1099607.2227081014
319APD_0_0	1099621.7057537881
1789APD_0_0	1099712.8976084166
596APD_0_0	1100356.8474804536
49APD_0_0	1100723.7057537881
99APD_0_0	1100882.0190169683
1097APD_0_0	1101222.8976084166
1316APD_0_0	1102319.7057537881
1612APD_0_0	1102591.7057537881
279APD_0_0	1104385.2227081014
944APD_0_0	1105615.8976084166
2086APD_0_0	1105670.7057537881
927APD_0_0	1106276.7057537881
1338APD_0_0	1106687.7057537881
516APD_0_0	1106810.9580743674
1895APD_0_0	1107065.8976084166
1611APD_0_0	1107433.7057537881
654APD_0_0	1107829.8028230637
1544APD_0_0	1108186.8976084166
365APD_0_0	1108777.7057537881
2368APD_0_0	1109471.8976084166
244APD_0_0	1110235.5055182567
737APD_0_0	1110239.2227081014
229APD_0_0	1110624.8976084166
2331APD_0_0	1110952.8976084166
116APD_0_0	1111126.7057537881
150APD_0_0	1111134.7057537881
211APD_0_0	1111496.2227081014
142APD_0_0	1111572.7057537881
414APD_0_0	1111733.8976084166
178APD_0_0	1112811.7057537881
2236APD_0_0	1112836.7057537881
2247APD_0_0	1113254.8976084166
2123APD_0_0	1113409.7057537881
799APD_0_0	1113931.7057537881
2173APD_0_0	1115114.7057537881
2195APD_0_0	1115595.2227081014
1730APD_0_0	1115792.7057537881
853APD_0_0	1115961.7057537881
1800APD_0_0	1116043.1455460838
1160APD_0_0	1116073.7057537881
2249APD_0_0	1116367.6549799587
736APD_0_0	1116549.2126798073
2142APD_0_0	1116780.8976084166
230APD_0_0	1117135.7057537881
18APD_0_0	1117241.2227081014
219APD_0_0	1118240.8976084166
432APD_0_0	1118580.7057537881
428APD_0_0	1118872.7057537881
1933APD_0_0	1119330.1859867244
1818APD_0_0	1119613.7057537881
544APD_0_0	1120194.7057537881
1449APD_0_0	1120710.7057537881
2301APD_0_0	1121249.7057537881
1607APD_0_0	1121557.8976084166
1096APD_0_0	1121561.7057537881
1448APD_0_0	1121675.7057537881
1704APD_0_0	1122024.7057537881
2356APD_0_0	1122693.5841633468
1011APD_0_0	1122839.8925837604
1945APD_0_0	1122854.7057537881
2118APD_0_0	1123193.7057537881
2048APD_0_0	1123522.7057537881
1391APD_0_0	1124870.7057537881
390APD_0_0	1125132.0950542786
645APD_0_0	1125180.1804681201
12APD_0_0	1125188.8976084166
113APD_0_0	1125420.9070001724
408APD_0_0	1125498.7057537881
2459APD_0_0	1125783.7057537881
1923APD_0_0	1126012.7057537881
936APD_0_0	1126056.7057537881
2169APD_0_0	1126469.7057537881
311APD_0_0	1126520.300140306
1420APD_0_0	1129887.7057537881
672APD_0_0	1130644.7057537881
1657APD_0_0	1131536.7057537881
145APD_0_0	1131538.9070001724
440APD_0_0	1131569.7057537881
1155APD_0_0	1132720.7057537881
1920APD_0_0	1134128.7057537881
1369APD_0_0	1134526.7057537881
258APD_0_0	1135636.7057537881
40APD_0_0	1135873.2227081014
1259APD_0_0	1136166.7057537881
1851APD_0_0	1136425.300140306
1693APD_0_0	1137911.7057537881
2440APD_0_0	1137979.5525174444
909APD_0_0	1138299.7057537881
486APD_0_0	1138768.7057537881
290APD_0_0	1138775.7057537881
2324APD_0_0	1138931.2738689925
2091APD_0_0	1139075.7057537881
1547APD_0_0	1139284.7057537881
640APD_0_0	1139292.7057537881
1428APD_0_0	1141021.7057537881
1224APD_0_0	1141033.7057537881
1874APD_0_0	1141872.7057537881
892APD_0_0	1144080.7057537881
633APD_0_0	1145271.7057537881
1885APD_0_0	1146361.7057537881
1049APD_0_0	1146408.7057537881
148APD_0_0	1147191.7057537881
1279APD_0_0	1147718.7057537881
2066APD_0_0	1148268.0112755985
2044APD_0_0	1148440.7057537881
650APD_0_0	1148936.7057537881
1285APD_0_0	1149849.9070001724
1495APD_0_0	1150331.7057537881
72APD_0_0	1150334.7057537881
2378APD_0_0	1150749.7057537881
1768APD_0_0	1150814.2550698596
483APD_0_0	1150876.7057537881
1015APD_0_0	1151015.7057537881
827APD_0_0	1151077.7057537881
2178APD_0_0	1151122.7057537881
221APD_0_0	1151172.7057537881
53APD_0_0	1151375.7057537881
1929APD_0_0	1151681.7057537881
1959APD_0_0	1151981.7057537881
2227APD_0_0	1152174.7057537881
445APD_0_0	1152252.7057537881
1974APD_0_0	1152396.7057537881
658APD_0_0	1152610.7057537881
2429APD_0_0	1152976.7057537881
1813APD_0_0	1153382.7057537881
291APD_0_0	1153479.7057537881
982APD_0_0	1154452.7057537881
346APD_0_0	1154546.7057537881
2034APD_0_0	1155536.7057537881
2051APD_0_0	1155651.7057537881
835APD_0_0	1156169.7057537881
220APD_0_0	1156206.7057537881
2043APD_0_0	1156503.7057537881
182APD_0_0	1157236.7057537881
1404APD_0_0	1158304.5137270107
64APD_0_0	1158535.7057537881
300APD_0_0	1158580.2227081014
744APD_0_0	1159252.7057537881
1211APD_0_0	1159848.7057537881
576APD_0_0	1160588.7057537881
1811APD_0_0	1160845.9899311431
738APD_0_0	1161072.7057537881
369APD_0_0	1161139.7057537881
1263APD_0_0	1161314.848829536
720APD_0_0	1161518.516168933
1430APD_0_0	1161635.7057537881
1552APD_0_0	1161729.7057537881
1284APD_0_0	1162174.7057537881
1379APD_0_0	1162245.7057537881
1208APD_0_0	1162310.2227081014
1064APD_0_0	1162575.7057537881
830APD_0_0	1162605.9000448813
275APD_0_0	1162606.7057537881
326APD_0_0	1162895.7057537881
816APD_0_0	1163096.6954612455
1554APD_0_0	1163227.7057537881
501APD_0_0	1163350.7057537881
411APD_0_0	1163380.7057537881
584APD_0_0	1163966.7057537881
465APD_1_0	1163994.7057537881
422APD_0_0	1164050.7057537881
1510APD_0_0	1164197.2227081014
1969APD_0_0	1164420.7057537881
727APD_0_0	1164580.7057537881
631APD_0_0	1165580.7057537881
1396APD_0_0	1165686.7057537881
1114APD_0_0	1166391.2227081014
159APD_1_0	1167943.7057537881
560APD_0_0	1168003.3485242908
20APD_0_0	1168325.7057537881
1742APD_0_0	1168446.7057537881
748APD_0_0	1168526.7057537881
2128APD_0_0	1169151.200224823
2278APD_0_0	1169279.9070001724
2386APD_0_0	1169497.7057537881
316APD_0_0	1169534.7057537881
1347APD_0_0	1170019.7057537881
2206APD_0_0	1171082.0299785982
2214APD_0_0	1171292.7057537881
217APD_0_0	1171949.7057537881
342APD_0_0	1173089.2227081014
131APD_0_0	1173893.7057537881
751APD_0_0	1175441.7057537881
919APD_0_0	1176138.7057537881
1296APD_0_0	1176150.7057537881
84APD_0_0	1176686.7057537881
527APD_0_0	1176696.7057537881
1769APD_0_0	1177438.7057537881
529APD_0_0	1177543.7057537881
143APD_0_0	1178276.7057537881
1946APD_0_0	1180196.7057537881
1104APD_0_0	1180882.7057537881
887APD_0_0	1181092.7057537881
759APD_0_0	1181629.7057537881
249APD_0_0	1182497.7057537881
14APD_0_0	1183607.7057537881
188APD_0_0	1184113.7057537881
1825APD_0_0	1185149.7057537881
320APD_0_0	1185856.7057537881
2341APD_0_0	1186127.7057537881
1860APD_0_0	1187899.7057537881
2060APD_0_0	1187945.7057537881
257APD_0_0	1188035.7057537881
1629APD_0_0	1188283.426996322
970APD_0_0	1188642.7057537881
1926APD_0_0	1188724.7057537881
246APD_0_0	1188909.9577439318
1952APD_0_0	1188947.7057537881
2398APD_0_0	1189133.7057537881
201APD_0_0	1189408.7057537881
1924APD_0_0	1192120.7057537881
271APD_1_0	1192683.7057537881
1312APD_0_0	1192802.781569415
531APD_0_0	1193414.7057537881
2422APD_0_0	1194366.7057537881
198APD_0_0	1194402.7057537881
2384APD_0_0	1195441.7057537881
1762APD_0_0	1196979.7057537881
1948APD_0_0	1197234.2227081014
125APD_0_0	1197792.7057537881
771APD_0_0	1198060.8624128262
1822APD_0_0	1198413.2227081014
281APD_0_0	1198502.1943612795
348APD_0_0	1198876.7057537881
829APD_0_0	1200045.7057537881
1525APD_0_0	1201598.7057537881
494APD_0_0	1202260.2227081014
2455APD_0_0	1203755.2227081014
1711APD_0_0	1204199.7057537881
136APD_0_0	1204692.7057537881
1295APD_0_0	1207306.7057537881
1845APD_0_0	1207694.7057537881
2399APD_0_0	1207712.2227081014
371APD_0_0	1207863.7057537881
1202APD_0_0	1208413.7057537881
1572APD_0_0	1208844.2227081014
1928APD_0_0	1209686.7057537881
999APD_0_0	1210346.2227081014
2187APD_0_0	1211512.7057537881
2141APD_0_0	1212359.2227081014
485APD_0_0	1213075.2227081014
1733APD_0_0	1213146.7057537881
1016APD_0_0	1214145.7057537881
983APD_0_0	1214215.7057537881
1176APD_0_0	1214311.7057537881
55APD_0_0	1215498.7057537881
2264APD_0_0	1216696.7057537881
1157APD_0_0	1216928.7057537881
1278APD_0_0	1217055.7057537881
1020APD_0_0	1219238.7322772408
2100APD_0_0	1219638.1208644544
1116APD_0_0	1219929.7057537881
1201APD_0_0	1221122.7057537881
1074APD_0_0	1221408.7057537881
716APD_0_0	1221896.7057537881
67APD_0_0	1222025.7057537881
1870APD_0_0	1222806.941585204
1570APD_0_0	1223104.7057537881
484APD_0_0	1223947.9070001724
6APD_0_0	1224014.7057537881
1264APD_0_0	1225692.7057537881
1436APD_0_0	1226704.7057537881
1754APD_0_0	1226879.7057537881
2326APD_0_0	1227171.7057537881
1535APD_0_0	1228050.7057537881
1300APD_0_0	1228476.2707536456
2428APD_0_0	1228734.7057537881
1143APD_0_0	1228738.7057537881
1171APD_0_0	1229089.7057537881
1408APD_0_0	1229748.7057537881
575APD_0_0	1230166.7057537881
2244APD_0_0	1230654.7057537881
51APD_0_0	1230922.9070001724
1043APD_0_0	1231652.7057537881
253APD_0_0	1233116.9070001724
1803APD_0_0	1233768.7057537881
454APD_0_0	1233801.9070001724
2379APD_0_0	1234967.7057537881
1909APD_0_0	1235044.7057537881
463APD_0_0	1235571.0839175177
733APD_0_0	1237117.7057537881
1140APD_0_0	1237281.0839175177
2391APD_0_0	1238156.2227081014
2076APD_0_0	1239241.0839175177
1174APD_0_0	1239676.7057537881
347APD_0_0	1241220.7057537881
1283APD_0_0	1241726.7057537881
1649APD_0_0	1243155.7057537881
2164APD_0_0	1243874.2392347138
994APD_0_0	1244100.2227081014
1241APD_0_0	1244207.830375922
1413APD_0_0	1244375.7057537881
361APD_0_0	1245583.7057537881
2099APD_0_0	1245651.7057537881
1128APD_0_0	1246358.7057537881
2409APD_0_0	1247005.7057537881
821APD_0_0	1247663.7057537881
1103APD_0_0	1247686.7057537881
1088APD_0_0	1248062.7057537881
1960APD_0_0	1248709.9577439318
1833APD_0_0	1251725.9473149308
36APD_0_0	1252263.7057537881
1599APD_0_0	1252868.2227081014
1036APD_0_0	1253402.0839175177
2255APD_0_0	1255495.7057537881
1485APD_0_0	1255911.7057537881
2046APD_0_0	1255943.7057537881
1434APD_0_0	1256156.7057537881
2231APD_0_0	1256272.9906092887
891APD_0_0	1256758.9070001724
555APD_0_0	1257054.2227081014
2360APD_0_0	1257973.7057537881
133APD_0_0	1258217.7057537881
1545APD_0_0	1260138.7057537881
1327APD_0_0	1261210.7057537881
1819APD_0_0	1261944.7057537881
600APD_0_0	1262233.7057537881
1456APD_0_0	1262872.7057537881
972APD_0_0	1263147.7057537881
352APD_0_0	1263846.7057537881
1927APD_0_0	1264216.7057537881
2098APD_0_0	1265173.7057537881
285APD_0_0	1265724.0839175177
2082APD_0_0	1265847.7057537881
622APD_0_0	1267125.7057537881
1412APD_0_0	1267169.9070001724
1922APD_0_0	1267644.9070001724
1602APD_0_0	1267933.7057537881
2369APD_0_0	1268378.7057537881
1566APD_0_0	1268769.9161417962
1736APD_0_0	1269083.7057537881
2180APD_0_0	1269368.395496215
1750APD_0_0	1269373.9070001724
328APD_0_0	1269759.7057537881
598APD_0_0	1270108.7057537881
1827APD_0_0	1270195.7057537881
2108APD_0_0	1270953.7057537881
2293APD_0_0	1271391.7057537881
2168APD_0_0	1272161.7057537881
2267APD_0_0	1272506.7057537881
903APD_0_0	1273677.9070001724
168APD_0_0	1273693.7057537881
1805APD_0_0	1274562.7057537881
724APD_0_0	1275555.9070001724
1276APD_0_0	1276107.9070001724
1221APD_0_0	1276259.7057537881
545APD_0_0	1276521.7057537881
1937APD_0_0	1276813.7057537881
1394APD_0_0	1276932.7057537881
1634APD_0_0	1277218.2227081014
2359APD_0_0	1278485.7057537881
1393APD_0_0	1279828.7057537881
2102APD_0_0	1279925.1086701977
356APD_0_0	1280442.7057537881
1239APD_0_0	1280526.7057537881
363APD_0_0	1280903.7057537881
591APD_0_0	1281360.1696119024
692APD_0_0	1281502.7057537881
652APD_0_0	1281894.661052466
1385APD_0_0	1282170.7057537881
2318APD_0_0	1282191.7057537881
2APD_0_0	1283049.7057537881
698APD_0_0	1283383.5395215985
1282APD_0_0	1284036.776765961
792APD_0_0	1284282.7057537881
1321APD_0_0	1284809.7057537881
109APD_0_0	1285124.7057537881
2145APD_0_0	1285990.7057537881
1051APD_0_0	1286075.7057537881
1776APD_0_0	1286911.7057537881
1747APD_0_0	1287406.9070001724
1717APD_0_0	1287537.7057537881
1915APD_0_0	1287594.7057537881
1416APD_0_0	1288181.9070001724
1886APD_0_0	1288508.7057537881
2203APD_0_0	1289039.7057537881
1388APD_0_0	1289144.7332836485
895APD_0_0	1289337.7057537881
1191APD_0_0	1289382.9070001724
1458APD_0_0	1290239.7057537881
1706APD_0_0	1290833.9070001724
1941APD_0_0	1291989.9070001724
1457APD_0_0	1292039.7057537881
1333APD_0_0	1292401.7057537881
1746APD_0_0	1292590.7057537881
343APD_0_0	1294573.7057537881
946APD_0_0	1294787.7057537881
1716APD_0_0	1295781.7206275316
2172APD_0_0	1295835.9070001724
1549APD_0_0	1296051.7057537881
2004APD_0_0	1297549.9070001724
1351APD_0_0	1297744.7057537881
988APD_0_0	1298267.7057537881
518APD_0_0	1298855.7057537881
1164APD_0_0	1299574.7057537881
1759APD_0_0	1300403.7057537881
210APD_0_0	1301471.9070001724
697APD_0_0	1301524.7057537881
2370APD_0_0	1303856.9070001724
273APD_0_0	1304612.9070001724
1132APD_0_0	1304673.7057537881
1112APD_0_0	1305014.7057537881
447APD_0_0	1305877.7057537881
882APD_0_0	1305877.7057537881
1198APD_0_0	1306287.7057537881
778APD_0_0	1308203.7057537881
1796APD_0_0	1309333.7057537881
282APD_0_0	1310535.7057537881
1696APD_0_0	1311048.7057537881
675APD_0_0	1311793.621150409
2416APD_0_0	1313164.7057537881
553APD_0_0	1313471.9111821647
894APD_0_0	1313746.2227081014
1336APD_0_0	1314846.7057537881
590APD_0_0	1314880.7057537881
1908APD_0_0	1315760.2227081014
2163APD_0_0	1316710.7057537881
1197APD_0_0	1317040.7057537881
1749APD_0_0	1318603.2227081014
1009APD_0_0	1319259.7057537881
2053APD_0_0	1319562.7057537881
1764APD_0_0	1319602.7057537881
559APD_0_0	1319881.2227081014
1917APD_0_0	1321218.7057537881
1756APD_0_0	1321394.618202557
990APD_0_0	1321989.7057537881
683APD_0_0	1322722.7057537881
605APD_0_0	1323191.7057537881
1441APD_0_0	1323943.2227081014
2177APD_0_0	1325323.8997218995
191APD_0_0	1325572.7057537881
1682APD_0_0	1325610.7057537881
350APD_0_0	1325709.2227081014
1925APD_0_0	1326263.7057537881
785APD_0_0	1326647.443593671
1707APD_0_0	1327960.6368697844
1479APD_0_0	1328252.7057537881
237APD_0_0	1328418.9490210942
2047APD_0_0	1328630.7057537881
813APD_0_0	1328910.7057537881
1240APD_0_0	1330150.2227081014
519APD_0_0	1331279.7057537881
1031APD_0_0	1331828.7057537881
336APD_0_0	1332451.7057537881
2287APD_0_0	1333928.2227081014
884APD_0_0	1334210.7057537881
2436APD_0_0	1336186.7057537881
540APD_0_0	1336986.7057537881
1368APD_0_0	1338120.2227081014
1723APD_0_0	1339086.214844868
1515APD_0_0	1340051.214844868
308APD_0_0	1340626.7057537881
2305APD_0_0	1340944.7057537881
1042APD_0_0	1341206.7057537881
797APD_0_0	1342481.443593671
381APD_0_0	1342725.2227081014
1231APD_0_0	1342959.7057537881
702APD_0_0	1343270.7057537881
2009APD_0_0	1344395.443593671
331APD_0_0	1344769.0374736548
1524APD_0_0	1345058.7057537881
966APD_0_0	1345061.7057537881
842APD_0_0	1346583.7057537881
1084APD_0_0	1346606.7057537881
1565APD_0_0	1347628.7057537881
2002APD_0_0	1347943.7057537881
1272APD_0_0	1348253.7057537881
104APD_0_0	1349118.7057537881
1992APD_0_0	1352247.137931655
1181APD_0_0	1352406.2227081014
1826APD_0_0	1352499.7057537881
1255APD_0_0	1353073.7789321146
1301APD_0_0	1353453.7057537881
415APD_0_0	1353845.7057537881
768APD_0_0	1355317.2227081014
478APD_0_0	1355620.7057537881
515APD_0_0	1356161.7057537881
2073APD_0_0	1356386.2227081014
852APD_0_0	1356483.7057537881
1797APD_0_0	1358221.3741109655
2229APD_0_0	1358397.7057537881
1165APD_0_0	1358690.7057537881
722APD_0_0	1358814.2227081014
1891APD_0_0	1360454.7057537881
441APD_0_0	1360955.2227081014
340APD_0_0	1361227.7057537881
1342APD_0_0	1361442.7057537881
1614APD_0_0	1362143.7057537881
283APD_0_0	1362741.7057537881
2277APD_0_0	1362928.7057537881
1386APD_0_0	1363349.2227081014
955APD_0_0	1364351.2227081014
315APD_0_0	1365747.7057537881
21APD_0_0	1366212.7057537881
2333APD_0_0	1366733.7057537881
1812APD_0_0	1366891.2227081014
2449APD_0_0	1367040.7057537881
1546APD_0_0	1368274.7057537881
1528APD_0_0	1368306.7057537881
2269APD_0_0	1368523.2227081014
2393APD_0_0	1370883.5140075507
1322APD_0_0	1371032.8876961858
1209APD_0_0	1371231.7057537881
1002APD_0_0	1371678.2227081014
1256APD_0_0	1372933.7057537881
2404APD_0_0	1373322.7057537881
1195APD_0_0	1373440.2227081014
1303APD_0_0	1373816.7057537881
1356APD_0_0	1374914.8386398056
1131APD_0_0	1375123.7057537881
1065APD_0_0	1375217.6457316116
2193APD_0_0	1375516.7057537881
1492APD_0_0	1375691.7057537881
1444APD_0_0	1377905.7057537881
1499APD_0_0	1377911.7057537881
1090APD_0_0	1378764.7057537881
1910APD_0_0	1379169.7057537881
2039APD_0_0	1379885.2227081014
1136APD_0_0	1380117.334617101
1244APD_0_0	1380390.685838116
1957APD_0_0	1380663.7057537881
1210APD_0_0	1381785.7057537881
1473APD_0_0	1382076.2227081014
1443APD_0_0	1382275.7057537881
1106APD_0_0	1382820.4981569545
314APD_0_0	1382858.7057537881
1003APD_0_0	1383286.2227081014
964APD_0_0	1384027.2227081014
662APD_0_0	1384766.7057537881
902APD_0_0	1385029.2227081014
741APD_0_0	1385204.7057537881
1867APD_0_0	1385640.7057537881
1135APD_0_0	1386776.7057537881
1101APD_0_0	1387125.7057537881
2262APD_0_0	1387219.7057537881
1883APD_0_0	1388772.2227081014
1117APD_0_0	1389008.7057537881
1440APD_0_0	1389139.2227081014
1556APD_0_0	1390315.7057537881
1406APD_0_0	1390431.2227081014
1862APD_0_0	1391073.7057537881
2059APD_0_0	1391922.0877469156
1442APD_0_0	1392100.7057537881
621APD_0_0	1392592.4918729404
79APD_0_0	1392952.7057537881
1217APD_0_0	1393125.7057537881
1880APD_0_0	1393151.2227081014
2152APD_0_0	1394940.7057537881
859APD_0_0	1396115.2227081014
2452APD_0_0	1397636.7057537881
2020APD_0_0	1397956.2227081014
2217APD_0_0	1399209.7057537881
1228APD_0_0	1400027.1024092208
1025APD_0_0	1400326.7057537881
1755APD_0_0	1400906.7057537881
1487APD_0_0	1401003.7057537881
610APD_0_0	1401197.2227081014
333APD_0_0	1401671.7057537881
101APD_0_0	1402073.7057537881
1035APD_0_0	1402402.2227081014
1126APD_0_0	1403113.7057537881
763APD_0_0	1403489.7057537881
975APD_0_0	1403549.2227081014
389APD_0_0	1403562.7057537881
1491APD_0_0	1405400.2227081014
93APD_0_0	1406209.7057537881
754APD_0_0	1406828.7057537881
2159APD_0_0	1407258.2227081014
1869APD_0_0	1407498.0959306036
981APD_0_0	1407796.7057537881
1781APD_0_0	1409200.190507753
1858APD_0_0	1409521.7635992814
701APD_0_0	1409700.7057537881
403APD_0_0	1409742.7057537881
1359APD_0_0	1410050.7057537881
1998APD_0_0	1410631.7057537881
1722APD_0_0	1411204.7057537881
1689APD_0_0	1412893.2227081014
1588APD_0_0	1413289.6950910434
920APD_0_0	1414271.7057537881
2338APD_0_0	1414362.7057537881
1417APD_0_0	1415213.2227081014
172APD_0_0	1415393.7057537881
704APD_0_0	1415760.7057537881
755APD_0_0	1416097.2227081014
4APD_0_0	1416376.7057537881
1415APD_0_0	1417229.2227081014
140APD_0_0	1417632.7057537881
857APD_0_0	1418107.4459769346
1179APD_0_0	1419967.4459769346
817APD_0_0	1420367.2227081014
1223APD_0_0	1420786.2227081014
1149APD_0_0	1421467.4459769346
2097APD_0_0	1422266.0318130143
70APD_0_0	1422584.7057537881
1355APD_0_0	1423722.2227081014
1823APD_0_0	1424051.2227081014
2286APD_0_0	1425741.2227081014
61APD_0_0	1427186.7057537881
564APD_0_0	1428171.2227081014
1305APD_0_0	1429576.7057537881
1934APD_0_0	1430200.8736012145
686APD_0_0	1430257.7057537881
2435APD_0_0	1430587.7057537881
1158APD_0_0	1430931.5616251118
1600APD_0_0	1431188.7057537881
1346APD_0_0	1431425.2227081014
296APD_0_0	1432003.616185255
332APD_0_0	1432045.2227081014
1242APD_0_0	1432136.8736012145
1623APD_0_0	1432399.7057537881
1578APD_0_0	1432621.7057537881
204APD_0_0	1433458.7057537881
750APD_0_0	1433479.9059692104
1314APD_0_0	1433793.7057537881
1446APD_0_0	1433891.7057537881
856APD_0_0	1434387.8736012145
2027APD_0_0	1435410.7057537881
1189APD_0_0	1435629.7057537881
2421APD_0_0	1438248.7057537881
477APD_0_0	1440475.2227081014
359APD_0_0	1440687.7057537881
1624APD_0_0	1440752.89326883
124APD_0_0	1440944.3294343206
1227APD_0_0	1444154.0064426698
1890APD_0_0	1444837.3294343206
848APD_0_0	1447340.154162832
1949APD_0_0	1447751.154162832
761APD_0_0	1448135.7057537881
1761APD_0_0	1448708.7057537881
384APD_0_0	1448726.2227081014
1720APD_0_0	1449107.7057537881
386APD_0_0	1449161.7057537881
82APD_0_0	1450619.3805138937
1912APD_0_0	1450896.3294343206
263APD_0_0	1451612.3294343206
1646APD_0_0	1452622.5311232829
240APD_0_0	1452652.2227081014
1323APD_0_0	1452851.7057537881
181APD_0_0	1454225.3294343206
1230APD_0_0	1454914.3294343206
846APD_0_0	1456596.7057537881
1173APD_0_0	1456690.3294343206
2362APD_0_0	1457508.3294343206
492APD_0_0	1457778.7057537881
1865APD_0_0	1458854.3294343206
1633APD_0_0	1458854.7057537881
226APD_0_0	1459188.7057537881
1508APD_0_0	1459255.2227081014
1687APD_0_0	1459511.3294343206
2212APD_0_0	1459628.2227081014
1739APD_0_0	1460387.3294343206
1213APD_0_0	1461273.7057537881
1702APD_0_0	1461372.4515576344
1906APD_0_0	1461693.4078031355
932APD_0_0	1461896.3294343206
1876APD_0_0	1462496.7057537881
2006APD_0_0	1464269.3294343206
1882APD_0_0	1465040.3294343206
611APD_0_0	1465464.3294343206
1072APD_0_0	1466031.3294343206
624APD_0_0	1466823.7057537881
549APD_0_0	1466886.2227081014
1709APD_0_0	1468260.3294343206
2103APD_0_0	1469074.7057537881
732APD_0_0	1469226.3294343206
617APD_0_0	1469665.3294343206
2239APD_0_0	1469958.5325172734
2140APD_0_0	1470140.7057537881
243APD_0_0	1470186.3294343206
1085APD_0_0	1470904.0064426698
1007APD_0_0	1472046.0064426698
777APD_0_0	1472527.2227081014
28APD_0_0	1472825.3294343206
1006APD_0_0	1473138.2227081014
185APD_0_0	1473490.0064426698
1978APD_0_0	1475730.2227081014
1034APD_0_0	1475758.3294343206
74APD_1_0	1476356.3294343206
1842APD_0_0	1476807.7057537881
487APD_0_0	1477416.3294343206
2037APD_0_0	1477921.5773227427
1275APD_0_0	1478043.7057537881
2153APD_0_0	1478735.7057537881
312APD_0_0	1479847.7057537881
2104APD_0_0	1480380.3294343206
2325APD_0_0	1481262.3294343206
752APD_0_0	1481822.8736012145
2310APD_0_0	1482206.3294343206
317APD_0_0	1482721.3294343206
2182APD_0_0	1483845.5773227427
2209APD_0_0	1484156.7057537881
1520APD_0_0	1484837.0064426698
1183APD_0_0	1485154.3294343206
2357APD_0_0	1485634.3294343206
2081APD_0_0	1485943.5258449067
2395APD_0_0	1486080.2227081014
1872APD_0_0	1486306.7057537881
1605APD_0_0	1488071.7057537881
74APD_0_0	1488484.7057537881
1828APD_0_0	1488713.4975583071
380APD_0_0	1488999.2227081014
392APD_0_0	1489609.3294343206
536APD_0_0	1490506.7057537881
255APD_0_0	1490650.882432052
510APD_0_0	1490761.2227081014
535APD_0_0	1491114.7057537881
963APD_0_0	1491153.3804508818
2349APD_0_0	1491360.2227081014
1196APD_0_0	1491468.3294343206
1551APD_0_0	1492043.7057537881
1847APD_0_0	1492293.9985097514
608APD_0_0	1492519.7057537881
2150APD_0_0	1492623.3294343206
2089APD_0_0	1492921.0367028473
2346APD_0_0	1493107.7057537881
1286APD_0_0	1493194.3294343206
1452APD_0_0	1494003.3294343206
289APD_0_0	1494307.3294343206
746APD_0_0	1495852.1144481148
626APD_0_0	1496262.3294343206
666APD_0_0	1498693.7020620175
147APD_0_0	1498795.2227081014
668APD_0_0	1498948.7057537881
1392APD_0_0	1499265.3294343206
1645APD_0_0	1499628.7057537881
1964APD_0_0	1500845.3294343206
798APD_0_0	1502717.3294343206
149APD_0_0	1502885.7569357164
2323APD_0_0	1503066.2227081014
2427APD_0_0	1503562.3294343206
2271APD_0_0	1504182.3294343206
286APD_0_0	1504252.7057537881
782APD_0_0	1505412.3294343206
2188APD_0_0	1506574.7658412557
357APD_0_0	1507126.2227081014
534APD_0_0	1507861.3294343206
1644APD_0_0	1509141.2227081014
550APD_0_0	1509372.3294343206
231APD_0_0	1510163.7016681463
1425APD_0_0	1510679.734326541
2132APD_0_0	1510976.3294343206
814APD_0_0	1511067.7057537881
1968APD_0_0	1511143.5773227427
539APD_0_0	1511430.3294343206
138APD_0_0	1512194.7057537881
1462APD_0_0	1512372.3294343206
676APD_0_0	1513211.5773227427
1148APD_0_0	1515534.7057537881
1683APD_0_0	1515603.3294343206
1089APD_0_0	1516241.5061755974
199APD_0_0	1516880.8342279429
913APD_0_0	1517021.625011726
1616APD_0_0	1517320.3294343206
1641APD_0_0	1517717.7057537881
1461APD_0_0	1517962.7386806812
30APD_0_0	1518180.1374598644
456APD_0_0	1518895.3294343206
1030APD_0_0	1518986.2227081014
38APD_0_0	1519916.7057537881
1354APD_0_0	1521013.5773227427
2274APD_0_0	1524329.3294343206
2238APD_0_0	1524828.3294343206
880APD_0_0	1525205.7057537881
2157APD_0_0	1525500.2227081014
1581APD_0_0	1527125.3294343206
338APD_0_0	1527516.3294343206
2450APD_0_0	1527583.7057537881
1977APD_0_0	1527830.2227081014
177APD_0_0	1527905.7057537881
2139APD_0_0	1527991.3294343206
2316APD_0_0	1529779.7057537881
949APD_0_0	1530115.3294343206
2056APD_0_0	1531258.2227081014
1724APD_0_0	1532957.5061755974
2268APD_0_0	1533703.3294343206
2148APD_0_0	1533987.5773227427
2005APD_0_0	1534190.3294343206
1498APD_0_0	1534530.7761677024
1451APD_0_0	1534803.5773227427
280APD_0_0	1535825.2227081014
144APD_0_0	1539144.3294343206
1799APD_0_0	1540737.2227081014
2373APD_0_0	1542189.3294343206
174APD_0_0	1542564.3294343206
743APD_0_0	1544059.2227081014
2199APD_0_0	1544551.3294343206
1775APD_0_0	1544843.3294343206
878APD_0_0	1544916.2227081014
930APD_0_0	1545271.3294343206
1809APD_0_0	1546060.2227081014
1178APD_0_0	1546105.3294343206
513APD_0_0	1550259.3294343206
1654APD_0_0	1550798.2086133424
1752APD_0_0	1550893.2227081014
203APD_0_0	1550900.3294343206
1744APD_0_0	1553261.2227081014
1190APD_0_0	1553382.3294343206
2176APD_0_0	1554042.3294343206
1120APD_0_0	1555244.3294343206
1150APD_0_0	1555923.2227081014
2165APD_0_0	1557443.3294343206
2297APD_0_0	1557613.2227081014
66APD_0_0	1558440.3294343206
1435APD_0_0	1559006.296001396
1058APD_0_0	1559713.215527499
2000APD_0_0	1560192.2227081014
517APD_0_0	1561952.3294343206
1503APD_0_0	1562030.2227081014
1662APD_0_0	1566579.6622859652
354APD_0_0	1567039.0734229654
961APD_0_0	1567283.4420140143
796APD_0_0	1567589.3294343206
710APD_0_0	1568061.3294343206
804APD_0_0	1569012.3294343206
2054APD_0_0	1569565.9397334687
402APD_0_0	1569678.3294343206
2228APD_0_0	1570942.2039731299
2447APD_0_0	1571260.3294343206
2248APD_0_0	1572139.971595615
45APD_0_0	1572339.3294343206
1999APD_0_0	1573243.3294343206
270APD_0_0	1573876.4260460748
1419APD_0_0	1574061.3294343206
665APD_0_0	1576145.3570458398
557APD_0_0	1576543.3294343206
377APD_0_0	1578095.7834904576
252APD_0_0	1578334.3294343206
1319APD_0_0	1582698.131633697
2101APD_0_0	1582861.3294343206
1932APD_0_0	1585542.2298610169
1690APD_0_0	1585841.3294343206
2371APD_0_0	1588936.3294343206
1214APD_0_0	1589196.3294343206
120APD_0_0	1590539.5307268098
647APD_0_0	1591213.3294343206
815APD_0_0	1595110.3294343206
691APD_0_0	1595761.285823133
1790APD_0_0	1596258.285823133
2115APD_0_0	1597019.285823133
967APD_0_0	1597815.3294343206
2257APD_0_0	1600025.7868517917
2078APD_0_0	1600311.3294343206
499APD_0_0	1614143.3294343206
1013APD_0_0	1624300.3849447158
901APD_0_0	1624487.3294343206
1810APD_0_0	1626541.3294343206
26APD_0_0	1627043.3294343206
1028APD_0_0	1632445.3294343206
911APD_0_0	1633356.3294343206
372APD_0_0	1635065.29522317
1438APD_0_0	1635449.170360937
1961APD_0_0	1635626.3294343206
907APD_0_0	1636430.3294343206
607APD_0_0	1637357.3294343206
1497APD_1_0	1638771.3294343206
2328APD_1_0	1643291.3294343206
2185APD_1_0	1644260.3294343206
558APD_1_0	1644850.3294343206
419APD_1_0	1654505.3294343206
1697APD_1_0	1655467.3294343206
52APD_1_0	1662658.3294343206
47APD_1_0	1663334.3294343206
162APD_1_0	1665494.3294343206
108APD_0_0	1666652.3294343206
1004APD_1_0	1666901.3294343206
370APD_1_0	1669126.3294343206
1497APD_0_0	1671506.3294343206
2328APD_0_0	1676013.3294343206
2185APD_0_0	1676970.3294343206
558APD_0_0	1677544.3294343206
595APD_0_0	1687171.2210647205
419APD_0_0	1687205.3294343206
1697APD_0_0	1688141.3294343206
52APD_0_0	1695338.3294343206
47APD_0_0	1695989.3294343206
1840APD_0_0	1696701.996635559
383APD_0_0	1697695.8726776082
460APD_0_0	1697703.6965351154
1806APD_0_0	1697852.3505087725
162APD_0_0	1698199.3294343206
95APD_0_0	1699076.584943059
164APD_0_0	1699176.3294343206
2213APD_0_0	1699362.3294343206
1004APD_0_0	1699623.3294343206
520APD_0_0	1701317.8775478555
674APD_0_0	1701366.2512922008
2374APD_0_0	1701485.3294343206
2414APD_0_0	1701617.05177608
370APD_0_0	1701964.3294343206
8APD_0_0	1703973.3294343206
339APD_1_0	1707981.3294343206
1658APD_0_0	1708138.5553669212
1426APD_0_0	1708516.3294343206
34APD_0_0	1710423.3294343206
22APD_0_0	1711913.3294343206
339APD_0_0	1714530.3294343206
678APD_0_0	1715034.3294343206
2462APD_0_0	1717393.3294343206
135APD_0_0	1718233.3294343206
1294APD_0_0	1721352.3294343206
234APD_0_0	1725089.3294343206
847APD_0_0	1729544.3294343206
2028APD_0_0	1732618.3294343206
292APD_0_0	1736211.3294343206
442APD_0_0	1745635.3294343206
1832APD_0_0	1750288.3294343206
2129APD_0_0	1751856.3294343206
1584APD_0_0	1753826.3394080892
264APD_0_0	1754268.3294343206
2201APD_0_0	1756744.3294343206
1476APD_0_0	1757480.2240100652
561APD_0_0	1757589.3294343206
453APD_0_0	1758548.3294343206
769APD_0_0	1759046.3294343206
1940APD_0_0	1760868.9917969939
2453APD_0_0	1761182.3294343206
115APD_0_0	1763584.3294343206
1372APD_0_0	1765823.3294343206
107APD_0_0	1767171.3294343206
1129APD_0_0	1772063.3294343206
1606APD_0_0	1772714.3294343206
1548APD_0_0	1773048.3294343206
1540APD_0_0	1777829.3294343206
843APD_0_0	1779996.7828892458
1431APD_0_0	1780242.3294343206
2162APD_0_0	1780594.3294343206
1407APD_0_0	1782204.3294343206
1663APD_0_0	1785583.3294343206
1094APD_0_0	1787634.3294343206
643APD_0_0	1788109.3294343206
2251APD_0_0	1788701.3294343206
250APD_0_0	1789424.3294343206
1257APD_0_0	1792096.3294343206
2010APD_0_0	1792626.3294343206
807APD_0_0	1794661.3294343206
1592APD_0_0	1795811.5213929692
1901APD_0_0	1796150.3294343206
197APD_0_0	1796536.3294343206
2317APD_0_0	1798773.3294343206
2093APD_0_0	1800507.2896768223
2303APD_0_0	1800682.3294343206
1726APD_0_0	1801400.3294343206
712APD_0_0	1802376.3294343206
1325APD_0_0	1802662.3294343206
489APD_0_0	1806209.3294343206
863APD_0_0	1806928.6911094887
1521APD_0_0	1807338.3294343206
2111APD_0_0	1808019.3294343206
956APD_0_0	1809187.3294343206
60APD_0_0	1810084.3294343206
1801APD_0_0	1810985.3294343206
951APD_0_0	1812733.3294343206
111APD_0_0	1813262.3294343206
1095APD_0_0	1814341.3294343206
186APD_0_0	1816276.9321744204
163APD_0_0	1816564.3294343206
1664APD_0_0	1818595.3294343206
2292APD_0_0	1822061.2594445313
417APD_0_0	1822464.3294343206
660APD_0_0	1829189.3294343206
129APD_0_0	1832706.3294343206
693APD_0_0	1836148.3294343206
268APD_0_0	1838333.3294343206
412APD_0_0	1840927.3294343206
1778APD_0_0	1842425.3294343206
1308APD_0_0	1843985.3294343206
1152APD_0_0	1847320.3294343206
92APD_0_0	1849058.3294343206
974APD_0_0	1854202.3294343206
1188APD_0_0	1854796.3294343206
2167APD_0_0	1856582.3294343206
458APD_0_0	1861913.3294343206
1597APD_0_0	1862380.3294343206
397APD_0_0	1863215.3294343206
2070APD_0_0	1864351.3294343206
1950APD_0_0	1866208.3294343206
860APD_0_0	1867759.3294343206
267APD_0_0	1870955.3294343206
1234APD_0_0	1872323.3294343206
1493APD_0_0	1881778.3294343206
2309APD_0_0	1882503.3294343206
962APD_0_0	1884319.3294343206
423APD_0_0	1885164.3294343206
1795APD_0_0	1887300.3294343206
1288APD_0_0	1888588.3294343206
914APD_0_0	1888975.3294343206
1328APD_0_0	1889599.3294343206
718APD_0_0	1889980.3294343206
2240APD_0_0	1890350.3294343206
1123APD_0_0	1890644.3294343206
1019APD_0_0	1891545.3294343206
83APD_0_0	1892275.3294343206
1864APD_0_0	1892684.3294343206
425APD_0_0	1893173.3294343206
420APD_0_0	1894675.3294343206
112APD_0_0	1896518.3294343206
1594APD_0_0	1899793.3294343206
828APD_0_0	1900927.3294343206
625APD_0_0	1902908.3294343206
2295APD_0_0	1907864.3294343206
709APD_0_0	1910259.3294343206
1531APD_0_0	1911480.3294343206
2407APD_0_0	1913364.3294343206
586APD_0_0	1917994.3294343206
5APD_0_0	1920176.9606851996
200APD_0_0	1921309.3294343206
1008APD_0_0	1923475.2094004645
905APD_0_0	1923745.3294343206
507APD_0_0	1924839.3518771727
1988APD_0_0	1925019.3294343206
76APD_0_0	1925582.3294343206
161APD_0_0	1926666.3294343206
192APD_0_0	1932563.3294343206
649APD_0_0	1936705.3294343206
256APD_0_0	1942790.3294343206
1464APD_0_0	1951686.3294343206
554APD_0_0	1952168.3294343206
1788APD_0_0	1954894.3294343206
65APD_0_0	1957618.49329238
1029APD_0_0	1958043.3203688024
979APD_0_0	1958273.3294343206
765APD_0_0	1959619.3294343206
1639APD_0_0	1964051.3294343206
2365APD_0_0	1964860.3294343206
288APD_0_0	1965219.3294343206
1567APD_0_0	1983889.150520934
1569APD_0_0	1984044.3294343206
1881APD_0_0	1984663.3294343206
355APD_0_0	1985902.3294343206
1027APD_0_0	1990079.3294343206
2260APD_0_0	1991688.3294343206
1855APD_0_0	1997043.3294343206
1490APD_0_0	1998404.3294343206
2233APD_0_0	2000517.3294343206
2144APD_0_0	2001366.3294343206
1377APD_0_0	2001718.3294343206
1045APD_0_0	2003020.3294343206
278APD_0_0	2005050.3294343206
2061APD_0_0	2012634.3294343206
16APD_0_0	2015008.3294343206
1905APD_0_0	2018212.3294343206
1899APD_0_0	2020360.3294343206
294APD_0_0	2020981.3294343206
207APD_0_0	2022420.9883825828
613APD_0_0	2022981.939982616
1758APD_0_0	2023139.3294343206
2045APD_0_0	2025263.3294343206
1576APD_0_0	2026299.3294343206
1642APD_0_0	2030126.3294343206
1080APD_0_0	2041899.3294343206
541APD_0_0	2042693.3294343206
1897APD_0_0	2048261.3294343206
661APD_0_0	2056596.936591957
1943APD_0_0	2056904.3294343206
1469APD_0_0	2061455.3294343206
114APD_0_0	2062159.3294343206
238APD_0_0	2066493.3294343206
2332APD_0_0	2078262.3294343206
688APD_0_0	2078964.3294343203
1784APD_0_0	2082024.3294343203
321APD_0_0	2085353.3294343203
1182APD_0_0	2089906.3294343203
1061APD_0_0	2091165.3294343203
1429APD_0_0	2093860.3294343203
1838APD_0_0	2094640.3294343203
2288APD_0_0	2095863.7469458352
2376APD_0_0	2096962.3294343203
2175APD_0_0	2101987.5046131285
2282APD_0_0	2102500.746945835
1069APD_0_0	2103830.746945835
925APD_0_0	2104215.3294343203
651APD_0_0	2104836.7190395547
2136APD_0_0	2104957.269958325
373APD_0_0	2105248.3294343203
512APD_0_0	2111384.3294343203
245APD_0_0	2117566.3294343203
105APD_0_0	2123296.3294343203
508APD_0_0	2125538.3294343203
418APD_0_0	2129981.3294343203
393APD_0_0	2131185.3294343203
214APD_0_0	2133094.3294343203
457APD_0_0	2139335.3294343203
869APD_0_0	2141112.555164375
137APD_0_0	2146029.3294343203
302APD_0_0	2146053.3294343203
401APD_0_0	2147115.3294343203
259APD_0_0	2149826.3294343203
305APD_0_0	2152487.3294343203
1398APD_0_0	2152646.9560751203
537APD_0_0	2152909.3294343203
236APD_0_0	2158193.3294343203
2375APD_0_0	2161560.5437996034
298APD_0_0	2162165.3294343203
1139APD_0_0	2163243.5437996034
2207APD_0_0	2166175.3294343203
2302APD_0_0	2168598.7989630243
160APD_0_0	2168715.3294343203
2090APD_0_0	2168768.923695674
2012APD_0_0	2169005.3294343203
1298APD_0_0	2169447.3294343203
2232APD_0_0	2170067.3294343203
868APD_0_0	2174092.3294343203
687APD_0_0	2176878.3294343203
473APD_0_0	2177928.3294343203
1001APD_0_0	2179568.887829004
2457APD_0_0	2179792.6967190322
416APD_0_0	2183368.3294343203
2352APD_0_0	2187239.3294343203
1859APD_0_0	2187307.3294343203
500APD_0_0	2187659.69832448
872APD_0_0	2188385.3294343203
574APD_0_0	2188710.3294343203
1656APD_0_0	2189081.3294343203
1324APD_0_0	2189668.546623553
1496APD_0_0	2190203.3294343203
1573APD_0_0	2190891.0983305043
1718APD_0_0	2191487.3294343203
2033APD_0_0	2193199.887829004
2196APD_0_0	2193666.69268248
10APD_0_0	2193813.887829004
272APD_0_0	2195035.887829004
1559APD_0_0	2196846.3294343203
1802APD_0_0	2197417.887829004
1700APD_0_0	2197900.887829004
1310APD_0_0	2198525.3866923586
1418APD_0_0	2199050.3294343203
532APD_0_0	2201830.887829004
2258APD_0_0	2202657.887829004
85APD_0_0	2202968.3294343203
1488APD_0_0	2205329.887829004
2137APD_0_0	2206370.099631349
169APD_0_0	2206748.3294343203
530APD_0_0	2207308.6499362323
388APD_1_0	2207556.3294343203
1734APD_0_0	2207724.9653193657
2147APD_0_0	2208154.151367234
2273APD_0_0	2208846.1888253028
1831APD_0_0	2209142.427974178
1371APD_0_0	2209570.291417022
2018APD_0_0	2210094.887829004
1501APD_0_0	2210535.3294343203
985APD_0_0	2211202.887829004
7APD_0_0	2211888.3294343203
582APD_0_0	2213066.3294343203
297APD_0_0	2214299.887829004
1731APD_0_0	2217374.1416079253
1648APD_0_0	2217842.3294343203
1331APD_0_0	2218516.3294343203
749APD_0_0	2220515.3294343203
2403APD_0_0	2221256.3294343203
496APD_0_0	2221832.749771206
426APD_0_0	2223046.3294343203
493APD_0_0	2225266.3294343203
695APD_0_0	2231246.3294343203
100APD_0_0	2233507.3294343203
2246APD_0_0	2251919.3294343203
940APD_0_0	2256864.3294343203
1561APD_0_0	2257406.3294343203
851APD_0_0	2265694.3294343203
2241APD_0_0	2267280.3294343203
2067APD_0_0	2268305.3294343203
1628APD_0_0	2269942.51385803
1666APD_0_0	2270191.3294343203
1558APD_0_0	2274863.3294343203
721APD_0_0	2277942.3294343203
552APD_0_0	2281174.3294343203
2451APD_0_0	2285358.3294343203
330APD_0_0	2286752.3294343203
2443APD_0_0	2303353.3294343203
1119APD_0_0	2303354.802618271
1542APD_0_0	2305962.048773004
1130APD_0_0	2306083.3294343203
1553APD_0_0	2308687.3294343203
388APD_0_0	2310467.3294343203
912APD_0_0	2312979.3294343203
1133APD_0_0	2315152.3294343203
635APD_0_0	2316537.3294343203
323APD_0_0	2322805.3294343203
1046APD_0_0	2331011.3294343203
1550APD_0_0	2331713.3294343203
2270APD_0_0	2333889.3294343203
262APD_0_0	2336831.3294343203
437APD_0_0	2338594.3294343203
479APD_0_0	2342471.3294343203
2234APD_0_0	2361568.3294343203
2208APD_0_0	2365784.3294343203
587APD_0_0	2367332.3294343203
1603APD_0_0	2371023.3294343203
39APD_0_0	2375710.3294343203
606APD_0_0	2387414.4088358376
1951APD_0_0	2387920.938668484
2347APD_0_0	2389605.3294343203
81APD_0_0	2393003.3294343203
923APD_0_0	2403179.073751331
1053APD_0_0	2403516.166282312
1715APD_0_0	2403760.3294343203
634APD_0_0	2411187.3294343203
803APD_0_0	2413982.3294343203
1735APD_0_0	2416314.3294343203
2215APD_0_0	2420078.3294343203
965APD_0_0	2421611.3294343203
1760APD_0_0	2423471.3294343203
1824APD_0_0	2424822.3294343203
1203APD_0_0	2426436.3294343203
987APD_0_0	2427245.44670578
1896APD_0_0	2431871.3294343203
1384APD_0_0	2436855.3294343203
46APD_0_0	2437776.3294343203
349APD_0_0	2440487.3294343203
1564APD_0_0	2442430.644825702
2313APD_0_0	2443028.6703704046
585APD_0_0	2443500.7333041043
2424APD_0_0	2446119.3294343203
1526APD_0_0	2447098.3294343203
25APD_0_0	2449686.3294343203
801APD_0_0	2462119.3294343203
482APD_0_0	2463201.7637179703
2116APD_0_0	2463509.3294343203
1339APD_0_0	2465631.3294343203
926APD_0_0	2469822.3294343203
1887APD_0_0	2471043.3294343203
1791APD_0_0	2473323.3294343203
1304APD_0_0	2475048.3294343203
2266APD_0_0	2480156.3430212
663APD_0_0	2480499.3294343203
2441APD_0_0	2484908.3294343203
213APD_0_0	2492001.7333041043
443APD_0_0	2496910.3294343203
1447APD_0_0	2497621.3294343203
467APD_0_0	2505134.44670578
2198APD_0_0	2508048.3294343203
1364APD_0_0	2509014.3294343203
1032APD_0_0	2519952.3294343203
488APD_0_0	2520907.3294343203
570APD_0_0	2522643.3294343203
470APD_0_0	2525716.3294343203
56APD_0_0	2530810.3294343203
310APD_0_0	2534369.3294343203
2418APD_0_0	2536024.3294343203
1489APD_0_0	2537090.3294343203
451APD_0_0	2540221.3294343203
2120APD_0_0	2546100.3294343203
2281APD_0_0	2546878.3294343203
2343APD_0_0	2552152.3294343203
2030APD_0_0	2555462.3294343203
1352APD_0_0	2557368.3294343203
2314APD_0_0	2558029.3294343203
514APD_0_0	2558841.3294343203
1985APD_0_0	2559924.534969644
1727APD_0_0	2560034.3294343203
1110APD_0_0	2560720.3294343203
953APD_0_0	2562278.6411227244
2311APD_0_0	2567447.6411227244
375APD_0_0	2577121.6411227244
2017APD_0_0	2588058.6411227244
1455APD_0_0	2592097.6411227244
2444APD_0_0	2593604.6411227244
1673APD_0_0	2597151.202589222
1484APD_0_0	2606202.6411227244
353APD_0_0	2608230.6411227244
400APD_0_0	2624783.6411227244
1638APD_0_0	2627562.6411227244
233APD_0_0	2641129.6411227244
175APD_0_0	2651407.6411227244
952APD_0_0	2680171.6411227244
146APD_0_0	2680462.6411227244
870APD_0_0	2689795.8118925234
1650APD_0_0	2691283.6411227244
341APD_0_0	2695654.6411227244
1972APD_0_0	2696011.6411227244
875APD_0_0	2698839.6411227244
396APD_0_0	2699602.7495867116
1684APD_0_0	2700712.7495867116
2433APD_0_0	2701146.7495867116
819APD_0_0	2701790.7495867116
1792APD_0_0	2702211.7495867116
378APD_0_0	2702595.7495867116
247APD_0_0	2706762.6411227244
839APD_0_0	2708171.7495867116
329APD_0_0	2709740.7495867116
2300APD_0_0	2710753.7495867116
628APD_0_0	2712664.6411227244
1115APD_0_0	2717483.180696502
689APD_0_0	2718711.524396323
2254APD_0_0	2719048.7495867116
2372APD_0_0	2719985.8526723227
971APD_0_0	2720152.6411227244
1587APD_0_0	2723823.7495867116
897APD_0_0	2726092.180696502
1984APD_0_0	2727909.180696502
1659APD_0_0	2730497.180696502
1381APD_0_0	2731349.180696502
734APD_0_0	2731782.180696502
1643APD_0_0	2733398.180696502
1728APD_0_0	2734540.0342852497
685APD_0_0	2734808.1650517173
1670APD_0_0	2735120.527949223
155APD_0_0	2735403.180696502
1307APD_0_0	2736459.7495867116
2402APD_0_0	2736913.180696502
2186APD_0_0	2744929.7495867116
2084APD_0_0	2745507.180696502
790APD_0_0	2746688.180696502
1166APD_0_0	2747323.7495867116
899APD_0_0	2747964.7495867116
2355APD_0_0	2748287.7495867116
2442APD_0_0	2748584.7495867116
450APD_0_0	2750630.7495867116
784APD_0_0	2752938.7495867116
636APD_0_0	2756127.7495867116
1821APD_0_0	2761694.7495867116
854APD_0_0	2762108.7495867116
2392APD_0_0	2762914.2098131864
409APD_0_0	2763120.7495867116
1401APD_0_0	2768290.7495867116
2130APD_0_0	2769233.6350676105
1686APD_0_0	2770662.7495867116
1144APD_0_0	2772520.7495867116
747APD_0_0	2773430.7495867116
538APD_0_0	2773806.7495867116
2042APD_0_0	2781518.7495867116
679APD_0_0	2782641.7495867116
1849APD_0_0	2783884.7495867116
2283APD_0_0	2785837.7495867116
1963APD_0_0	2788210.7495867116
2245APD_0_0	2788649.7495867116
1868APD_0_0	2789772.7495867116
1047APD_0_0	2790569.7495867116
719APD_0_0	2793952.7495867116
215APD_0_0	2794655.7495867116
449APD_0_0	2795259.7495867116
1601APD_0_0	2795699.7495867116
1787APD_0_0	2796070.7495867116
646APD_0_0	2797889.495124769
1598APD_0_0	2798171.7495867116
2216APD_0_0	2798791.7495867116
2031APD_0_0	2800435.7495867116
1780APD_0_0	2801040.7495867116
2105APD_0_0	2802537.7495867116
1875APD_0_0	2803022.7495867116
2294APD_0_0	2805713.7495867116
812APD_0_0	2806157.7495867116
1509APD_0_0	2806598.7495867116
1519APD_0_0	2807729.7495867116
1056APD_0_0	2809070.7495867116
1437APD_0_0	2809716.7495867116
474APD_0_0	2810178.7495867116
642APD_0_0	2814404.7495867116
729APD_0_0	2815310.7495867116
194APD_0_0	2816487.7495867116
1052APD_0_0	2817274.9391080625
41APD_0_0	2817593.7495867116
997APD_0_0	2818238.1441121055
730APD_0_0	2818579.7495867116
1615APD_0_0	2819145.746325924
2405APD_0_0	2819404.7495867116
841APD_0_0	2820187.7495867116
1382APD_0_0	2820639.7495867116
2065APD_0_0	2821492.7495867116
1180APD_0_0	2822077.7495867116
2191APD_0_0	2822709.7495867116
2127APD_0_0	2823177.7495867116
723APD_0_0	2823766.7495867116
469APD_0_0	2825157.7495867116
753APD_0_0	2827899.7495867116
1376APD_0_0	2832664.7495867116
1936APD_0_0	2835080.7495867116
1743APD_0_0	2839061.7495867116
1848APD_0_0	2844831.7495867116
767APD_0_0	2845879.7495867116
33APD_0_0	2846834.7495867116
505APD_0_0	2847383.7495867116
2095APD_0_0	2856342.7495867116
1367APD_0_0	2859108.7495867116
42APD_0_0	2860381.7495867116
2397APD_0_0	2862282.7495867116
1973APD_0_0	2862906.7928300705
659APD_0_0	2863427.7495867116
1087APD_0_0	2863917.7495867116
787APD_0_0	2868247.7495867116
13APD_0_0	2868666.7495867116
2306APD_0_0	2869397.7495867116
1757APD_0_0	2869933.7495867116
309APD_0_0	2870300.7495867116
762APD_0_0	2870896.7495867116
1050APD_0_0	2871659.7495867116
97APD_0_0	2874144.8804195663
1082APD_0_0	2875078.7495867116
1557APD_0_0	2875496.8804195663
1267APD_0_0	2876821.8804195663
1766APD_0_0	2878042.7495867116
937APD_0_0	2878830.7495867116
1512APD_0_0	2879351.378938568
87APD_0_0	2879574.7495867116
794APD_0_0	2883783.8804195663
2263APD_0_0	2885500.7495867116
1235APD_0_0	2885804.7495867116
434APD_0_0	2886242.7495867116
1109APD_0_0	2886726.7495867116
1619APD_0_0	2887066.5696237977
893APD_0_0	2887199.7495867116
1175APD_0_0	2889139.7495867116
977APD_0_0	2889693.7495867116
2035APD_0_0	2891225.7495867116
166APD_0_0	2891791.7495867116
455APD_0_0	2892852.7495867116
2383APD_0_0	2893926.7495867116
1200APD_0_0	2894249.7495867116
1533APD_0_0	2895346.8804195663
427APD_0_0	2895690.7495867116
43APD_0_0	2895987.7495867116
1345APD_0_0	2896306.8804195663
614APD_0_0	2896760.7495867116
118APD_0_0	2900782.7495867116
1676APD_0_0	2901051.7495867116
705APD_0_0	2901550.7495867116
1888APD_0_0	2902032.7495867116
1834APD_0_0	2902630.7495867116
1138APD_0_0	2902943.7495867116
637APD_0_0	2903297.7495867116
1575APD_0_0	2903798.2939929306
671APD_0_0	2904051.7495867116
1070APD_0_0	2904727.7495867116
2344APD_0_0	2905683.7495867116
696APD_0_0	2906375.7495867116
29APD_0_0	2911646.7495867116
1994APD_0_0	2914676.8804195663
1424APD_0_0	2914860.7495867116
1652APD_0_0	2916131.7495867116
293APD_0_0	2917918.7495867116
122APD_0_0	2918919.7495867116
1014APD_0_0	2919388.3840245563
1340APD_0_0	2919653.7495867116
1953APD_0_0	2923233.7495867116
592APD_0_0	2924763.7495867116
2063APD_0_0	2925200.7495867116
1350APD_0_0	2928490.7495867116
2194APD_0_0	2930852.7495867116
1365APD_0_0	2932443.7495867116
1918APD_0_0	2932810.7495867116
1710APD_0_0	2934218.142861779
957APD_0_0	2934518.7495867116
1667APD_0_0	2935052.7495867116
1186APD_0_0	2935709.7495867116
632APD_0_0	2937703.7495867116
179APD_0_0	2939871.7495867116
1931APD_0_0	2940418.562239979
1218APD_0_0	2940598.7495867116
248APD_0_0	2941596.283970632
165APD_0_0	2943296.7495867116
707APD_0_0	2943788.7495867116
2146APD_0_0	2944950.7495867116
304APD_0_0	2945265.283970632
32APD_0_0	2948649.7495867116
657APD_0_0	2949007.7495867116
2222APD_0_0	2949375.7495867116
1504APD_0_0	2949846.7495867116
2072APD_0_0	2953739.7495867116
2348APD_0_0	2954021.7495867116
387APD_0_0	2956692.26497315
1898APD_0_0	2956704.4049203987
2299APD_0_0	2957268.9017765564
1660APD_0_0	2957553.7495867116
1378APD_0_0	2958934.7495867116
468APD_0_0	2959609.7495867116
2298APD_0_0	2961928.7495867116
446APD_0_0	2962774.7495867116
123APD_0_0	2969887.7495867116
2218APD_0_0	2971426.7495867116
2385APD_0_0	2972298.7495867116
1078APD_0_0	2975020.7495867116
1705APD_0_0	2981128.7495867116
1997APD_0_0	2985212.7495867116
938APD_0_0	2986906.7495867116
1260APD_0_0	2988152.7495867116
1763APD_0_0	2991336.7235001917
2280APD_0_0	2992472.7495867116
1222APD_0_0	2993114.273364159
1100APD_0_0	2993523.7495867116
2025APD_0_0	2994205.5019765114
1212APD_0_0	2994300.7495867116
1807APD_0_0	2994871.7495867116
1786APD_0_0	2996102.7495867116
2456APD_0_0	2997818.7495867116
1311APD_0_0	2998887.7495867116
837APD_0_0	2999617.7495867116
2041APD_0_0	3000868.7495867116
2008APD_0_0	3002037.9524732125
2276APD_0_0	3002400.9624356627
2057APD_0_0	3002634.7495867116
825APD_0_0	3003081.7495867116
2014APD_0_0	3003635.1273144763
2401APD_0_0	3005167.7495867116
2133APD_0_0	3005506.7495867116
594APD_0_0	3006198.7495867116
2304APD_0_0	3008456.7495867116
472APD_0_0	3013111.7495867116
947APD_0_0	3020091.665298858
2445APD_0_0	3020507.7495867116
2124APD_0_0	3023477.7495867116
1962APD_0_0	3023867.7495867116
2329APD_0_0	3024370.7495867116
1470APD_0_0	3028064.7495867116
2049APD_0_0	3030341.7495867116
1668APD_0_0	3032394.8837822303
954APD_0_0	3032529.7495867116
1215APD_0_0	3033587.7495867116
223APD_0_0	3035178.7495867116
269APD_0_0	3035709.3484761175
2080APD_0_0	3036401.7495867116
